{"C:\\Users\\Usuario\\Documents\\Dicmary\\cse341\\project-byui-car\\app.js": {"path":"C:\\Users\\Usuario\\Documents\\Dicmary\\cse341\\project-byui-car\\app.js","statementMap":{"0":{"start":{"line":2,"column":16},"end":{"line":2,"column":34}},"1":{"start":{"line":3,"column":16},"end":{"line":3,"column":42}},"2":{"start":{"line":4,"column":15},"end":{"line":4,"column":32}},"3":{"start":{"line":5,"column":13},"end":{"line":5,"column":28}},"4":{"start":{"line":6,"column":17},"end":{"line":6,"column":36}},"5":{"start":{"line":7,"column":16},"end":{"line":7,"column":46}},"6":{"start":{"line":8,"column":19},"end":{"line":8,"column":43}},"7":{"start":{"line":9,"column":15},"end":{"line":9,"column":34}},"8":{"start":{"line":12,"column":0},"end":{"line":12,"column":16}},"9":{"start":{"line":14,"column":12},"end":{"line":14,"column":21}},"10":{"start":{"line":17,"column":0},"end":{"line":17,"column":24}},"11":{"start":{"line":18,"column":0},"end":{"line":18,"column":74}},"12":{"start":{"line":21,"column":0},"end":{"line":33,"column":4}},"13":{"start":{"line":36,"column":0},"end":{"line":36,"column":31}},"14":{"start":{"line":37,"column":0},"end":{"line":37,"column":28}},"15":{"start":{"line":40,"column":0},"end":{"line":40,"column":43}},"16":{"start":{"line":43,"column":0},"end":{"line":43,"column":21}},"17":{"start":{"line":45,"column":0},"end":{"line":49,"column":3}},"18":{"start":{"line":46,"column":16},"end":{"line":46,"column":44}},"19":{"start":{"line":47,"column":2},"end":{"line":47,"column":21}},"20":{"start":{"line":48,"column":2},"end":{"line":48,"column":14}},"21":{"start":{"line":52,"column":0},"end":{"line":71,"column":3}},"22":{"start":{"line":53,"column":26},"end":{"line":60,"column":3}},"23":{"start":{"line":62,"column":17},"end":{"line":62,"column":34}},"24":{"start":{"line":63,"column":18},"end":{"line":63,"column":100}},"25":{"start":{"line":66,"column":2},"end":{"line":70,"column":5}},"26":{"start":{"line":74,"column":26},"end":{"line":84,"column":1}},"27":{"start":{"line":75,"column":2},"end":{"line":83,"column":5}},"28":{"start":{"line":76,"column":4},"end":{"line":82,"column":7}},"29":{"start":{"line":77,"column":6},"end":{"line":80,"column":7}},"30":{"start":{"line":78,"column":8},"end":{"line":78,"column":61}},"31":{"start":{"line":79,"column":8},"end":{"line":79,"column":27}},"32":{"start":{"line":81,"column":6},"end":{"line":81,"column":18}},"33":{"start":{"line":87,"column":0},"end":{"line":87,"column":44}}},"fnMap":{"0":{"name":"(anonymous_0)","decl":{"start":{"line":45,"column":8},"end":{"line":45,"column":9}},"loc":{"start":{"line":45,"column":28},"end":{"line":49,"column":1}},"line":45},"1":{"name":"(anonymous_1)","decl":{"start":{"line":52,"column":8},"end":{"line":52,"column":9}},"loc":{"start":{"line":52,"column":39},"end":{"line":71,"column":1}},"line":52},"2":{"name":"(anonymous_2)","decl":{"start":{"line":74,"column":26},"end":{"line":74,"column":27}},"loc":{"start":{"line":74,"column":32},"end":{"line":84,"column":1}},"line":74},"3":{"name":"(anonymous_3)","decl":{"start":{"line":75,"column":21},"end":{"line":75,"column":22}},"loc":{"start":{"line":75,"column":42},"end":{"line":83,"column":3}},"line":75},"4":{"name":"(anonymous_4)","decl":{"start":{"line":76,"column":19},"end":{"line":76,"column":20}},"loc":{"start":{"line":76,"column":32},"end":{"line":82,"column":5}},"line":76}},"branchMap":{"0":{"loc":{"start":{"line":62,"column":17},"end":{"line":62,"column":34}},"type":"binary-expr","locations":[{"start":{"line":62,"column":17},"end":{"line":62,"column":27}},{"start":{"line":62,"column":31},"end":{"line":62,"column":34}}],"line":62},"1":{"loc":{"start":{"line":63,"column":18},"end":{"line":63,"column":100}},"type":"binary-expr","locations":[{"start":{"line":63,"column":18},"end":{"line":63,"column":41}},{"start":{"line":63,"column":45},"end":{"line":63,"column":100}}],"line":63},"2":{"loc":{"start":{"line":69,"column":11},"end":{"line":69,"column":41}},"type":"binary-expr","locations":[{"start":{"line":69,"column":11},"end":{"line":69,"column":22}},{"start":{"line":69,"column":26},"end":{"line":69,"column":41}}],"line":69},"3":{"loc":{"start":{"line":77,"column":6},"end":{"line":80,"column":7}},"type":"if","locations":[{"start":{"line":77,"column":6},"end":{"line":80,"column":7}},{"start":{},"end":{}}],"line":77}},"s":{"0":12,"1":12,"2":12,"3":12,"4":12,"5":12,"6":12,"7":12,"8":12,"9":12,"10":12,"11":12,"12":12,"13":12,"14":12,"15":12,"16":12,"17":12,"18":0,"19":0,"20":0,"21":12,"22":36,"23":36,"24":36,"25":36,"26":12,"27":24,"28":24,"29":24,"30":0,"31":0,"32":24,"33":12},"f":{"0":0,"1":36,"2":24,"3":24,"4":24},"b":{"0":[36,0],"1":[36,0],"2":[36,0],"3":[0,24]},"_coverageSchema":"1a1c01bbd47fc00a2c39e90264f33305004495a9","hash":"63c98647b1a809e96319a9394f4fed4544cb6b0b"}
,"C:\\Users\\Usuario\\Documents\\Dicmary\\cse341\\project-byui-car\\unitTest.js": {"path":"C:\\Users\\Usuario\\Documents\\Dicmary\\cse341\\project-byui-car\\unitTest.js","statementMap":{"0":{"start":{"line":1,"column":35},"end":{"line":1,"column":51}},"1":{"start":{"line":3,"column":13},"end":{"line":3,"column":37}},"2":{"start":{"line":5,"column":20},"end":{"line":15,"column":1}},"3":{"start":{"line":6,"column":2},"end":{"line":14,"column":3}},"4":{"start":{"line":7,"column":4},"end":{"line":7,"column":30}},"5":{"start":{"line":8,"column":4},"end":{"line":10,"column":7}},"6":{"start":{"line":9,"column":6},"end":{"line":9,"column":55}},"7":{"start":{"line":12,"column":4},"end":{"line":12,"column":63}},"8":{"start":{"line":13,"column":4},"end":{"line":13,"column":20}},"9":{"start":{"line":17,"column":0},"end":{"line":17,"column":57}}},"fnMap":{"0":{"name":"(anonymous_0)","decl":{"start":{"line":5,"column":20},"end":{"line":5,"column":21}},"loc":{"start":{"line":5,"column":32},"end":{"line":15,"column":1}},"line":5},"1":{"name":"(anonymous_1)","decl":{"start":{"line":8,"column":28},"end":{"line":8,"column":29}},"loc":{"start":{"line":8,"column":34},"end":{"line":10,"column":5}},"line":8}},"branchMap":{"0":{"loc":{"start":{"line":3,"column":13},"end":{"line":3,"column":37}},"type":"binary-expr","locations":[{"start":{"line":3,"column":13},"end":{"line":3,"column":29}},{"start":{"line":3,"column":33},"end":{"line":3,"column":37}}],"line":3}},"s":{"0":12,"1":12,"2":12,"3":12,"4":12,"5":12,"6":12,"7":0,"8":0,"9":12},"f":{"0":12,"1":12},"b":{"0":[12,0]},"_coverageSchema":"1a1c01bbd47fc00a2c39e90264f33305004495a9","hash":"194d11b2697dfb81436b4880c95027c2dac5bb87"}
,"C:\\Users\\Usuario\\Documents\\Dicmary\\cse341\\project-byui-car\\controllers\\cars.js": {"path":"C:\\Users\\Usuario\\Documents\\Dicmary\\cse341\\project-byui-car\\controllers\\cars.js","statementMap":{"0":{"start":{"line":1,"column":17},"end":{"line":1,"column":46}},"1":{"start":{"line":3,"column":16},"end":{"line":10,"column":1}},"2":{"start":{"line":4,"column":2},"end":{"line":9,"column":3}},"3":{"start":{"line":5,"column":17},"end":{"line":5,"column":41}},"4":{"start":{"line":6,"column":4},"end":{"line":6,"column":31}},"5":{"start":{"line":8,"column":4},"end":{"line":8,"column":16}},"6":{"start":{"line":12,"column":19},"end":{"line":24,"column":1}},"7":{"start":{"line":13,"column":2},"end":{"line":23,"column":3}},"8":{"start":{"line":14,"column":16},"end":{"line":14,"column":56}},"9":{"start":{"line":15,"column":4},"end":{"line":19,"column":5}},"10":{"start":{"line":16,"column":20},"end":{"line":16,"column":46}},"11":{"start":{"line":17,"column":6},"end":{"line":17,"column":25}},"12":{"start":{"line":18,"column":6},"end":{"line":18,"column":25}},"13":{"start":{"line":20,"column":4},"end":{"line":20,"column":30}},"14":{"start":{"line":22,"column":4},"end":{"line":22,"column":16}},"15":{"start":{"line":26,"column":18},"end":{"line":34,"column":1}},"16":{"start":{"line":27,"column":2},"end":{"line":33,"column":3}},"17":{"start":{"line":28,"column":4},"end":{"line":28,"column":44}},"18":{"start":{"line":29,"column":18},"end":{"line":29,"column":52}},"19":{"start":{"line":30,"column":4},"end":{"line":30,"column":64}},"20":{"start":{"line":32,"column":4},"end":{"line":32,"column":16}},"21":{"start":{"line":36,"column":22},"end":{"line":48,"column":1}},"22":{"start":{"line":37,"column":2},"end":{"line":47,"column":3}},"23":{"start":{"line":38,"column":20},"end":{"line":38,"column":73}},"24":{"start":{"line":39,"column":4},"end":{"line":43,"column":5}},"25":{"start":{"line":40,"column":20},"end":{"line":40,"column":46}},"26":{"start":{"line":41,"column":6},"end":{"line":41,"column":25}},"27":{"start":{"line":42,"column":6},"end":{"line":42,"column":25}},"28":{"start":{"line":44,"column":4},"end":{"line":44,"column":53}},"29":{"start":{"line":46,"column":4},"end":{"line":46,"column":16}},"30":{"start":{"line":50,"column":22},"end":{"line":62,"column":1}},"31":{"start":{"line":51,"column":2},"end":{"line":61,"column":3}},"32":{"start":{"line":52,"column":20},"end":{"line":52,"column":63}},"33":{"start":{"line":53,"column":4},"end":{"line":57,"column":5}},"34":{"start":{"line":54,"column":20},"end":{"line":54,"column":46}},"35":{"start":{"line":55,"column":6},"end":{"line":55,"column":25}},"36":{"start":{"line":56,"column":6},"end":{"line":56,"column":25}},"37":{"start":{"line":58,"column":4},"end":{"line":58,"column":53}},"38":{"start":{"line":60,"column":4},"end":{"line":60,"column":16}},"39":{"start":{"line":64,"column":0},"end":{"line":70,"column":2}}},"fnMap":{"0":{"name":"(anonymous_0)","decl":{"start":{"line":3,"column":16},"end":{"line":3,"column":17}},"loc":{"start":{"line":3,"column":42},"end":{"line":10,"column":1}},"line":3},"1":{"name":"(anonymous_1)","decl":{"start":{"line":12,"column":19},"end":{"line":12,"column":20}},"loc":{"start":{"line":12,"column":45},"end":{"line":24,"column":1}},"line":12},"2":{"name":"(anonymous_2)","decl":{"start":{"line":26,"column":18},"end":{"line":26,"column":19}},"loc":{"start":{"line":26,"column":44},"end":{"line":34,"column":1}},"line":26},"3":{"name":"(anonymous_3)","decl":{"start":{"line":36,"column":22},"end":{"line":36,"column":23}},"loc":{"start":{"line":36,"column":48},"end":{"line":48,"column":1}},"line":36},"4":{"name":"(anonymous_4)","decl":{"start":{"line":50,"column":22},"end":{"line":50,"column":23}},"loc":{"start":{"line":50,"column":48},"end":{"line":62,"column":1}},"line":50}},"branchMap":{"0":{"loc":{"start":{"line":15,"column":4},"end":{"line":19,"column":5}},"type":"if","locations":[{"start":{"line":15,"column":4},"end":{"line":19,"column":5}},{"start":{},"end":{}}],"line":15},"1":{"loc":{"start":{"line":39,"column":4},"end":{"line":43,"column":5}},"type":"if","locations":[{"start":{"line":39,"column":4},"end":{"line":43,"column":5}},{"start":{},"end":{}}],"line":39},"2":{"loc":{"start":{"line":53,"column":4},"end":{"line":57,"column":5}},"type":"if","locations":[{"start":{"line":53,"column":4},"end":{"line":57,"column":5}},{"start":{},"end":{}}],"line":53}},"s":{"0":12,"1":12,"2":1,"3":1,"4":1,"5":0,"6":12,"7":3,"8":3,"9":3,"10":2,"11":2,"12":2,"13":1,"14":0,"15":12,"16":1,"17":1,"18":1,"19":1,"20":0,"21":12,"22":1,"23":1,"24":1,"25":0,"26":0,"27":0,"28":1,"29":0,"30":12,"31":1,"32":1,"33":1,"34":0,"35":0,"36":0,"37":1,"38":0,"39":12},"f":{"0":1,"1":3,"2":1,"3":1,"4":1},"b":{"0":[2,1],"1":[0,1],"2":[0,1]},"_coverageSchema":"1a1c01bbd47fc00a2c39e90264f33305004495a9","hash":"02cef9947dc8d08c43dab78356b68a00d3dee60d"}
,"C:\\Users\\Usuario\\Documents\\Dicmary\\cse341\\project-byui-car\\controllers\\orders.js": {"path":"C:\\Users\\Usuario\\Documents\\Dicmary\\cse341\\project-byui-car\\controllers\\orders.js","statementMap":{"0":{"start":{"line":1,"column":20},"end":{"line":1,"column":51}},"1":{"start":{"line":3,"column":18},"end":{"line":10,"column":1}},"2":{"start":{"line":4,"column":4},"end":{"line":9,"column":5}},"3":{"start":{"line":5,"column":23},"end":{"line":5,"column":52}},"4":{"start":{"line":6,"column":8},"end":{"line":6,"column":37}},"5":{"start":{"line":8,"column":8},"end":{"line":8,"column":20}},"6":{"start":{"line":12,"column":21},"end":{"line":24,"column":1}},"7":{"start":{"line":13,"column":4},"end":{"line":23,"column":5}},"8":{"start":{"line":14,"column":22},"end":{"line":14,"column":67}},"9":{"start":{"line":15,"column":8},"end":{"line":19,"column":9}},"10":{"start":{"line":16,"column":26},"end":{"line":16,"column":54}},"11":{"start":{"line":17,"column":12},"end":{"line":17,"column":31}},"12":{"start":{"line":18,"column":12},"end":{"line":18,"column":31}},"13":{"start":{"line":20,"column":8},"end":{"line":20,"column":36}},"14":{"start":{"line":22,"column":8},"end":{"line":22,"column":20}},"15":{"start":{"line":26,"column":20},"end":{"line":34,"column":1}},"16":{"start":{"line":27,"column":4},"end":{"line":33,"column":5}},"17":{"start":{"line":28,"column":8},"end":{"line":28,"column":47}},"18":{"start":{"line":29,"column":24},"end":{"line":29,"column":63}},"19":{"start":{"line":30,"column":8},"end":{"line":30,"column":72}},"20":{"start":{"line":32,"column":8},"end":{"line":32,"column":20}},"21":{"start":{"line":36,"column":24},"end":{"line":48,"column":1}},"22":{"start":{"line":37,"column":4},"end":{"line":47,"column":5}},"23":{"start":{"line":38,"column":24},"end":{"line":38,"column":82}},"24":{"start":{"line":39,"column":8},"end":{"line":43,"column":9}},"25":{"start":{"line":40,"column":26},"end":{"line":40,"column":54}},"26":{"start":{"line":41,"column":12},"end":{"line":41,"column":31}},"27":{"start":{"line":42,"column":12},"end":{"line":42,"column":31}},"28":{"start":{"line":44,"column":8},"end":{"line":44,"column":59}},"29":{"start":{"line":46,"column":8},"end":{"line":46,"column":20}},"30":{"start":{"line":50,"column":24},"end":{"line":62,"column":1}},"31":{"start":{"line":51,"column":4},"end":{"line":61,"column":5}},"32":{"start":{"line":52,"column":24},"end":{"line":52,"column":72}},"33":{"start":{"line":53,"column":8},"end":{"line":57,"column":9}},"34":{"start":{"line":54,"column":26},"end":{"line":54,"column":54}},"35":{"start":{"line":55,"column":12},"end":{"line":55,"column":31}},"36":{"start":{"line":56,"column":12},"end":{"line":56,"column":31}},"37":{"start":{"line":58,"column":8},"end":{"line":58,"column":59}},"38":{"start":{"line":60,"column":8},"end":{"line":60,"column":20}},"39":{"start":{"line":64,"column":0},"end":{"line":70,"column":2}}},"fnMap":{"0":{"name":"(anonymous_0)","decl":{"start":{"line":3,"column":18},"end":{"line":3,"column":19}},"loc":{"start":{"line":3,"column":44},"end":{"line":10,"column":1}},"line":3},"1":{"name":"(anonymous_1)","decl":{"start":{"line":12,"column":21},"end":{"line":12,"column":22}},"loc":{"start":{"line":12,"column":47},"end":{"line":24,"column":1}},"line":12},"2":{"name":"(anonymous_2)","decl":{"start":{"line":26,"column":20},"end":{"line":26,"column":21}},"loc":{"start":{"line":26,"column":46},"end":{"line":34,"column":1}},"line":26},"3":{"name":"(anonymous_3)","decl":{"start":{"line":36,"column":24},"end":{"line":36,"column":25}},"loc":{"start":{"line":36,"column":50},"end":{"line":48,"column":1}},"line":36},"4":{"name":"(anonymous_4)","decl":{"start":{"line":50,"column":24},"end":{"line":50,"column":25}},"loc":{"start":{"line":50,"column":50},"end":{"line":62,"column":1}},"line":50}},"branchMap":{"0":{"loc":{"start":{"line":15,"column":8},"end":{"line":19,"column":9}},"type":"if","locations":[{"start":{"line":15,"column":8},"end":{"line":19,"column":9}},{"start":{},"end":{}}],"line":15},"1":{"loc":{"start":{"line":39,"column":8},"end":{"line":43,"column":9}},"type":"if","locations":[{"start":{"line":39,"column":8},"end":{"line":43,"column":9}},{"start":{},"end":{}}],"line":39},"2":{"loc":{"start":{"line":53,"column":8},"end":{"line":57,"column":9}},"type":"if","locations":[{"start":{"line":53,"column":8},"end":{"line":57,"column":9}},{"start":{},"end":{}}],"line":53}},"s":{"0":12,"1":12,"2":1,"3":1,"4":1,"5":0,"6":12,"7":2,"8":2,"9":2,"10":1,"11":1,"12":1,"13":1,"14":0,"15":12,"16":1,"17":1,"18":1,"19":1,"20":0,"21":12,"22":1,"23":1,"24":1,"25":0,"26":0,"27":0,"28":1,"29":0,"30":12,"31":1,"32":1,"33":1,"34":0,"35":0,"36":0,"37":1,"38":0,"39":12},"f":{"0":1,"1":2,"2":1,"3":1,"4":1},"b":{"0":[1,1],"1":[0,1],"2":[0,1]},"_coverageSchema":"1a1c01bbd47fc00a2c39e90264f33305004495a9","hash":"6953f492561c50f5e5e81b9753e6983f83c44d3c"}
,"C:\\Users\\Usuario\\Documents\\Dicmary\\cse341\\project-byui-car\\controllers\\sparePart.js": {"path":"C:\\Users\\Usuario\\Documents\\Dicmary\\cse341\\project-byui-car\\controllers\\sparePart.js","statementMap":{"0":{"start":{"line":1,"column":18},"end":{"line":1,"column":48}},"1":{"start":{"line":3,"column":22},"end":{"line":10,"column":1}},"2":{"start":{"line":4,"column":4},"end":{"line":9,"column":5}},"3":{"start":{"line":5,"column":27},"end":{"line":5,"column":58}},"4":{"start":{"line":6,"column":8},"end":{"line":6,"column":41}},"5":{"start":{"line":8,"column":8},"end":{"line":8,"column":20}},"6":{"start":{"line":12,"column":25},"end":{"line":24,"column":1}},"7":{"start":{"line":13,"column":4},"end":{"line":23,"column":5}},"8":{"start":{"line":14,"column":27},"end":{"line":14,"column":74}},"9":{"start":{"line":15,"column":8},"end":{"line":19,"column":9}},"10":{"start":{"line":16,"column":26},"end":{"line":16,"column":59}},"11":{"start":{"line":17,"column":12},"end":{"line":17,"column":31}},"12":{"start":{"line":18,"column":12},"end":{"line":18,"column":31}},"13":{"start":{"line":20,"column":8},"end":{"line":20,"column":41}},"14":{"start":{"line":22,"column":8},"end":{"line":22,"column":20}},"15":{"start":{"line":26,"column":24},"end":{"line":33,"column":1}},"16":{"start":{"line":27,"column":4},"end":{"line":32,"column":5}},"17":{"start":{"line":28,"column":28},"end":{"line":28,"column":69}},"18":{"start":{"line":29,"column":8},"end":{"line":29,"column":81}},"19":{"start":{"line":31,"column":8},"end":{"line":31,"column":20}},"20":{"start":{"line":35,"column":28},"end":{"line":47,"column":1}},"21":{"start":{"line":36,"column":4},"end":{"line":46,"column":5}},"22":{"start":{"line":37,"column":24},"end":{"line":37,"column":84}},"23":{"start":{"line":38,"column":8},"end":{"line":42,"column":9}},"24":{"start":{"line":39,"column":26},"end":{"line":39,"column":59}},"25":{"start":{"line":40,"column":12},"end":{"line":40,"column":31}},"26":{"start":{"line":41,"column":12},"end":{"line":41,"column":31}},"27":{"start":{"line":43,"column":8},"end":{"line":43,"column":64}},"28":{"start":{"line":45,"column":8},"end":{"line":45,"column":20}},"29":{"start":{"line":49,"column":28},"end":{"line":61,"column":1}},"30":{"start":{"line":50,"column":4},"end":{"line":60,"column":5}},"31":{"start":{"line":51,"column":24},"end":{"line":51,"column":74}},"32":{"start":{"line":52,"column":8},"end":{"line":56,"column":9}},"33":{"start":{"line":53,"column":26},"end":{"line":53,"column":59}},"34":{"start":{"line":54,"column":12},"end":{"line":54,"column":31}},"35":{"start":{"line":55,"column":12},"end":{"line":55,"column":31}},"36":{"start":{"line":57,"column":8},"end":{"line":57,"column":64}},"37":{"start":{"line":59,"column":8},"end":{"line":59,"column":20}},"38":{"start":{"line":63,"column":0},"end":{"line":69,"column":2}}},"fnMap":{"0":{"name":"(anonymous_0)","decl":{"start":{"line":3,"column":22},"end":{"line":3,"column":23}},"loc":{"start":{"line":3,"column":48},"end":{"line":10,"column":1}},"line":3},"1":{"name":"(anonymous_1)","decl":{"start":{"line":12,"column":25},"end":{"line":12,"column":26}},"loc":{"start":{"line":12,"column":51},"end":{"line":24,"column":1}},"line":12},"2":{"name":"(anonymous_2)","decl":{"start":{"line":26,"column":24},"end":{"line":26,"column":25}},"loc":{"start":{"line":26,"column":50},"end":{"line":33,"column":1}},"line":26},"3":{"name":"(anonymous_3)","decl":{"start":{"line":35,"column":28},"end":{"line":35,"column":29}},"loc":{"start":{"line":35,"column":54},"end":{"line":47,"column":1}},"line":35},"4":{"name":"(anonymous_4)","decl":{"start":{"line":49,"column":28},"end":{"line":49,"column":29}},"loc":{"start":{"line":49,"column":54},"end":{"line":61,"column":1}},"line":49}},"branchMap":{"0":{"loc":{"start":{"line":15,"column":8},"end":{"line":19,"column":9}},"type":"if","locations":[{"start":{"line":15,"column":8},"end":{"line":19,"column":9}},{"start":{},"end":{}}],"line":15},"1":{"loc":{"start":{"line":38,"column":8},"end":{"line":42,"column":9}},"type":"if","locations":[{"start":{"line":38,"column":8},"end":{"line":42,"column":9}},{"start":{},"end":{}}],"line":38},"2":{"loc":{"start":{"line":52,"column":8},"end":{"line":56,"column":9}},"type":"if","locations":[{"start":{"line":52,"column":8},"end":{"line":56,"column":9}},{"start":{},"end":{}}],"line":52}},"s":{"0":12,"1":12,"2":1,"3":1,"4":1,"5":0,"6":12,"7":2,"8":2,"9":2,"10":1,"11":1,"12":1,"13":1,"14":0,"15":12,"16":1,"17":1,"18":1,"19":0,"20":12,"21":1,"22":1,"23":1,"24":0,"25":0,"26":0,"27":1,"28":0,"29":12,"30":1,"31":1,"32":1,"33":0,"34":0,"35":0,"36":1,"37":0,"38":12},"f":{"0":1,"1":2,"2":1,"3":1,"4":1},"b":{"0":[1,1],"1":[0,1],"2":[0,1]},"_coverageSchema":"1a1c01bbd47fc00a2c39e90264f33305004495a9","hash":"f39196787c57f7deff52149dbc0be9cab9d0b98e"}
,"C:\\Users\\Usuario\\Documents\\Dicmary\\cse341\\project-byui-car\\controllers\\users.js": {"path":"C:\\Users\\Usuario\\Documents\\Dicmary\\cse341\\project-byui-car\\controllers\\users.js","statementMap":{"0":{"start":{"line":1,"column":18},"end":{"line":1,"column":48}},"1":{"start":{"line":3,"column":17},"end":{"line":10,"column":1}},"2":{"start":{"line":4,"column":2},"end":{"line":9,"column":3}},"3":{"start":{"line":5,"column":18},"end":{"line":5,"column":44}},"4":{"start":{"line":6,"column":4},"end":{"line":6,"column":32}},"5":{"start":{"line":8,"column":4},"end":{"line":8,"column":16}},"6":{"start":{"line":12,"column":20},"end":{"line":24,"column":1}},"7":{"start":{"line":13,"column":2},"end":{"line":23,"column":3}},"8":{"start":{"line":14,"column":17},"end":{"line":14,"column":59}},"9":{"start":{"line":15,"column":4},"end":{"line":19,"column":5}},"10":{"start":{"line":16,"column":20},"end":{"line":16,"column":47}},"11":{"start":{"line":17,"column":6},"end":{"line":17,"column":25}},"12":{"start":{"line":18,"column":6},"end":{"line":18,"column":25}},"13":{"start":{"line":20,"column":4},"end":{"line":20,"column":31}},"14":{"start":{"line":22,"column":4},"end":{"line":22,"column":16}},"15":{"start":{"line":26,"column":19},"end":{"line":33,"column":1}},"16":{"start":{"line":27,"column":2},"end":{"line":32,"column":3}},"17":{"start":{"line":28,"column":19},"end":{"line":28,"column":55}},"18":{"start":{"line":29,"column":4},"end":{"line":29,"column":66}},"19":{"start":{"line":31,"column":4},"end":{"line":31,"column":16}},"20":{"start":{"line":35,"column":23},"end":{"line":47,"column":1}},"21":{"start":{"line":36,"column":2},"end":{"line":46,"column":3}},"22":{"start":{"line":37,"column":20},"end":{"line":37,"column":75}},"23":{"start":{"line":38,"column":4},"end":{"line":42,"column":5}},"24":{"start":{"line":39,"column":20},"end":{"line":39,"column":47}},"25":{"start":{"line":40,"column":6},"end":{"line":40,"column":25}},"26":{"start":{"line":41,"column":6},"end":{"line":41,"column":25}},"27":{"start":{"line":43,"column":4},"end":{"line":43,"column":54}},"28":{"start":{"line":45,"column":4},"end":{"line":45,"column":16}},"29":{"start":{"line":49,"column":23},"end":{"line":61,"column":1}},"30":{"start":{"line":50,"column":2},"end":{"line":60,"column":3}},"31":{"start":{"line":51,"column":20},"end":{"line":51,"column":65}},"32":{"start":{"line":52,"column":4},"end":{"line":56,"column":5}},"33":{"start":{"line":53,"column":20},"end":{"line":53,"column":47}},"34":{"start":{"line":54,"column":6},"end":{"line":54,"column":25}},"35":{"start":{"line":55,"column":6},"end":{"line":55,"column":25}},"36":{"start":{"line":57,"column":4},"end":{"line":57,"column":54}},"37":{"start":{"line":59,"column":4},"end":{"line":59,"column":16}},"38":{"start":{"line":63,"column":0},"end":{"line":69,"column":2}}},"fnMap":{"0":{"name":"(anonymous_0)","decl":{"start":{"line":3,"column":17},"end":{"line":3,"column":18}},"loc":{"start":{"line":3,"column":43},"end":{"line":10,"column":1}},"line":3},"1":{"name":"(anonymous_1)","decl":{"start":{"line":12,"column":20},"end":{"line":12,"column":21}},"loc":{"start":{"line":12,"column":46},"end":{"line":24,"column":1}},"line":12},"2":{"name":"(anonymous_2)","decl":{"start":{"line":26,"column":19},"end":{"line":26,"column":20}},"loc":{"start":{"line":26,"column":45},"end":{"line":33,"column":1}},"line":26},"3":{"name":"(anonymous_3)","decl":{"start":{"line":35,"column":23},"end":{"line":35,"column":24}},"loc":{"start":{"line":35,"column":49},"end":{"line":47,"column":1}},"line":35},"4":{"name":"(anonymous_4)","decl":{"start":{"line":49,"column":23},"end":{"line":49,"column":24}},"loc":{"start":{"line":49,"column":49},"end":{"line":61,"column":1}},"line":49}},"branchMap":{"0":{"loc":{"start":{"line":15,"column":4},"end":{"line":19,"column":5}},"type":"if","locations":[{"start":{"line":15,"column":4},"end":{"line":19,"column":5}},{"start":{},"end":{}}],"line":15},"1":{"loc":{"start":{"line":38,"column":4},"end":{"line":42,"column":5}},"type":"if","locations":[{"start":{"line":38,"column":4},"end":{"line":42,"column":5}},{"start":{},"end":{}}],"line":38},"2":{"loc":{"start":{"line":52,"column":4},"end":{"line":56,"column":5}},"type":"if","locations":[{"start":{"line":52,"column":4},"end":{"line":56,"column":5}},{"start":{},"end":{}}],"line":52}},"s":{"0":12,"1":12,"2":1,"3":1,"4":1,"5":0,"6":12,"7":4,"8":4,"9":4,"10":2,"11":2,"12":2,"13":2,"14":0,"15":12,"16":0,"17":0,"18":0,"19":0,"20":12,"21":1,"22":1,"23":1,"24":0,"25":0,"26":0,"27":1,"28":0,"29":12,"30":2,"31":2,"32":1,"33":0,"34":0,"35":0,"36":1,"37":1,"38":12},"f":{"0":1,"1":4,"2":0,"3":1,"4":2},"b":{"0":[2,2],"1":[0,1],"2":[0,1]},"_coverageSchema":"1a1c01bbd47fc00a2c39e90264f33305004495a9","hash":"6ad825f73f170e36410941c9ec9503a8b9a5fb13"}
,"C:\\Users\\Usuario\\Documents\\Dicmary\\cse341\\project-byui-car\\database\\database.js": {"path":"C:\\Users\\Usuario\\Documents\\Dicmary\\cse341\\project-byui-car\\database\\database.js","statementMap":{"0":{"start":{"line":1,"column":15},"end":{"line":1,"column":32}},"1":{"start":{"line":2,"column":0},"end":{"line":2,"column":16}},"2":{"start":{"line":3,"column":20},"end":{"line":3,"column":50}},"3":{"start":{"line":8,"column":15},"end":{"line":23,"column":5}},"4":{"start":{"line":9,"column":4},"end":{"line":12,"column":5}},"5":{"start":{"line":10,"column":8},"end":{"line":10,"column":38}},"6":{"start":{"line":11,"column":8},"end":{"line":11,"column":40}},"7":{"start":{"line":14,"column":4},"end":{"line":22,"column":11}},"8":{"start":{"line":16,"column":8},"end":{"line":16,"column":31}},"9":{"start":{"line":17,"column":8},"end":{"line":17,"column":33}},"10":{"start":{"line":20,"column":12},"end":{"line":20,"column":29}},"11":{"start":{"line":21,"column":12},"end":{"line":21,"column":32}},"12":{"start":{"line":26,"column":14},"end":{"line":31,"column":1}},"13":{"start":{"line":27,"column":2},"end":{"line":29,"column":3}},"14":{"start":{"line":28,"column":4},"end":{"line":28,"column":51}},"15":{"start":{"line":30,"column":4},"end":{"line":30,"column":20}},"16":{"start":{"line":33,"column":0},"end":{"line":36,"column":2}}},"fnMap":{"0":{"name":"(anonymous_0)","decl":{"start":{"line":8,"column":15},"end":{"line":8,"column":16}},"loc":{"start":{"line":8,"column":29},"end":{"line":23,"column":5}},"line":8},"1":{"name":"(anonymous_1)","decl":{"start":{"line":15,"column":12},"end":{"line":15,"column":13}},"loc":{"start":{"line":15,"column":24},"end":{"line":18,"column":7}},"line":15},"2":{"name":"(anonymous_2)","decl":{"start":{"line":19,"column":15},"end":{"line":19,"column":16}},"loc":{"start":{"line":19,"column":24},"end":{"line":22,"column":9}},"line":19},"3":{"name":"(anonymous_3)","decl":{"start":{"line":26,"column":14},"end":{"line":26,"column":15}},"loc":{"start":{"line":26,"column":20},"end":{"line":31,"column":1}},"line":26}},"branchMap":{"0":{"loc":{"start":{"line":9,"column":4},"end":{"line":12,"column":5}},"type":"if","locations":[{"start":{"line":9,"column":4},"end":{"line":12,"column":5}},{"start":{},"end":{}}],"line":9},"1":{"loc":{"start":{"line":27,"column":2},"end":{"line":29,"column":3}},"type":"if","locations":[{"start":{"line":27,"column":2},"end":{"line":29,"column":3}},{"start":{},"end":{}}],"line":27}},"s":{"0":12,"1":12,"2":12,"3":12,"4":24,"5":12,"6":12,"7":12,"8":12,"9":12,"10":0,"11":0,"12":12,"13":52,"14":0,"15":52,"16":12},"f":{"0":24,"1":12,"2":0,"3":52},"b":{"0":[12,12],"1":[0,52]},"_coverageSchema":"1a1c01bbd47fc00a2c39e90264f33305004495a9","hash":"87d5b6be9c0b3fd29e5f8e45a3b9607089b7adc2"}
,"C:\\Users\\Usuario\\Documents\\Dicmary\\cse341\\project-byui-car\\middleware\\passport.js": {"path":"C:\\Users\\Usuario\\Documents\\Dicmary\\cse341\\project-byui-car\\middleware\\passport.js","statementMap":{"0":{"start":{"line":1,"column":23},"end":{"line":1,"column":59}},"1":{"start":{"line":2,"column":39},"end":{"line":2,"column":73}},"2":{"start":{"line":3,"column":18},"end":{"line":3,"column":48}},"3":{"start":{"line":5,"column":0},"end":{"line":35,"column":2}},"4":{"start":{"line":6,"column":2},"end":{"line":28,"column":4}},"5":{"start":{"line":14,"column":8},"end":{"line":25,"column":9}},"6":{"start":{"line":15,"column":23},"end":{"line":20,"column":12}},"7":{"start":{"line":21,"column":10},"end":{"line":21,"column":34}},"8":{"start":{"line":23,"column":10},"end":{"line":23,"column":70}},"9":{"start":{"line":24,"column":10},"end":{"line":24,"column":35}},"10":{"start":{"line":30,"column":2},"end":{"line":30,"column":63}},"11":{"start":{"line":30,"column":41},"end":{"line":30,"column":61}},"12":{"start":{"line":31,"column":2},"end":{"line":34,"column":5}},"13":{"start":{"line":32,"column":17},"end":{"line":32,"column":48}},"14":{"start":{"line":33,"column":4},"end":{"line":33,"column":21}}},"fnMap":{"0":{"name":"(anonymous_0)","decl":{"start":{"line":5,"column":17},"end":{"line":5,"column":18}},"loc":{"start":{"line":5,"column":37},"end":{"line":35,"column":1}},"line":5},"1":{"name":"(anonymous_1)","decl":{"start":{"line":13,"column":6},"end":{"line":13,"column":7}},"loc":{"start":{"line":13,"column":58},"end":{"line":26,"column":7}},"line":13},"2":{"name":"(anonymous_2)","decl":{"start":{"line":30,"column":25},"end":{"line":30,"column":26}},"loc":{"start":{"line":30,"column":41},"end":{"line":30,"column":61}},"line":30},"3":{"name":"(anonymous_3)","decl":{"start":{"line":31,"column":27},"end":{"line":31,"column":28}},"loc":{"start":{"line":31,"column":47},"end":{"line":34,"column":3}},"line":31}},"branchMap":{"0":{"loc":{"start":{"line":17,"column":25},"end":{"line":17,"column":64}},"type":"binary-expr","locations":[{"start":{"line":17,"column":25},"end":{"line":17,"column":44}},{"start":{"line":17,"column":48},"end":{"line":17,"column":64}}],"line":17},"1":{"loc":{"start":{"line":18,"column":19},"end":{"line":18,"column":53}},"type":"binary-expr","locations":[{"start":{"line":18,"column":19},"end":{"line":18,"column":45}},{"start":{"line":18,"column":49},"end":{"line":18,"column":53}}],"line":18},"2":{"loc":{"start":{"line":19,"column":24},"end":{"line":19,"column":58}},"type":"binary-expr","locations":[{"start":{"line":19,"column":24},"end":{"line":19,"column":50}},{"start":{"line":19,"column":54},"end":{"line":19,"column":58}}],"line":19}},"s":{"0":12,"1":12,"2":12,"3":12,"4":12,"5":0,"6":0,"7":0,"8":0,"9":0,"10":12,"11":0,"12":12,"13":0,"14":0},"f":{"0":12,"1":0,"2":0,"3":0},"b":{"0":[0,0],"1":[0,0],"2":[0,0]},"_coverageSchema":"1a1c01bbd47fc00a2c39e90264f33305004495a9","hash":"90162e64f45e26b15a4a8e0fc4dfe53c6238689d"}
,"C:\\Users\\Usuario\\Documents\\Dicmary\\cse341\\project-byui-car\\middleware\\utilities.js": {"path":"C:\\Users\\Usuario\\Documents\\Dicmary\\cse341\\project-byui-car\\middleware\\utilities.js","statementMap":{"0":{"start":{"line":1,"column":18},"end":{"line":1,"column":48}},"1":{"start":{"line":2,"column":17},"end":{"line":2,"column":46}},"2":{"start":{"line":4,"column":24},"end":{"line":9,"column":1}},"3":{"start":{"line":5,"column":2},"end":{"line":7,"column":3}},"4":{"start":{"line":6,"column":4},"end":{"line":6,"column":18}},"5":{"start":{"line":8,"column":2},"end":{"line":8,"column":39}},"6":{"start":{"line":11,"column":35},"end":{"line":31,"column":1}},"7":{"start":{"line":13,"column":23},"end":{"line":13,"column":72}},"8":{"start":{"line":15,"column":2},"end":{"line":17,"column":3}},"9":{"start":{"line":16,"column":4},"end":{"line":16,"column":24}},"10":{"start":{"line":20,"column":18},"end":{"line":27,"column":3}},"11":{"start":{"line":29,"column":17},"end":{"line":29,"column":52}},"12":{"start":{"line":30,"column":2},"end":{"line":30,"column":16}},"13":{"start":{"line":34,"column":22},"end":{"line":43,"column":1}},"14":{"start":{"line":35,"column":2},"end":{"line":42,"column":4}},"15":{"start":{"line":36,"column":17},"end":{"line":36,"column":34}},"16":{"start":{"line":38,"column":4},"end":{"line":40,"column":5}},"17":{"start":{"line":39,"column":6},"end":{"line":39,"column":72}},"18":{"start":{"line":41,"column":4},"end":{"line":41,"column":11}},"19":{"start":{"line":46,"column":27},"end":{"line":56,"column":1}},"20":{"start":{"line":47,"column":2},"end":{"line":55,"column":4}},"21":{"start":{"line":48,"column":17},"end":{"line":48,"column":34}},"22":{"start":{"line":49,"column":28},"end":{"line":49,"column":48}},"23":{"start":{"line":51,"column":4},"end":{"line":53,"column":5}},"24":{"start":{"line":52,"column":6},"end":{"line":52,"column":78}},"25":{"start":{"line":54,"column":4},"end":{"line":54,"column":11}},"26":{"start":{"line":58,"column":30},"end":{"line":72,"column":1}},"27":{"start":{"line":59,"column":2},"end":{"line":71,"column":3}},"28":{"start":{"line":60,"column":17},"end":{"line":60,"column":34}},"29":{"start":{"line":61,"column":23},"end":{"line":61,"column":36}},"30":{"start":{"line":62,"column":16},"end":{"line":62,"column":53}},"31":{"start":{"line":64,"column":4},"end":{"line":64,"column":60}},"32":{"start":{"line":64,"column":14},"end":{"line":64,"column":60}},"33":{"start":{"line":65,"column":4},"end":{"line":66,"column":73}},"34":{"start":{"line":66,"column":6},"end":{"line":66,"column":73}},"35":{"start":{"line":68,"column":4},"end":{"line":68,"column":11}},"36":{"start":{"line":70,"column":4},"end":{"line":70,"column":51}},"37":{"start":{"line":75,"column":33},"end":{"line":89,"column":1}},"38":{"start":{"line":76,"column":2},"end":{"line":88,"column":4}},"39":{"start":{"line":77,"column":17},"end":{"line":77,"column":34}},"40":{"start":{"line":78,"column":28},"end":{"line":78,"column":41}},"41":{"start":{"line":80,"column":4},"end":{"line":85,"column":5}},"42":{"start":{"line":84,"column":6},"end":{"line":84,"column":20}},"43":{"start":{"line":87,"column":4},"end":{"line":87,"column":72}},"44":{"start":{"line":92,"column":27},"end":{"line":99,"column":1}},"45":{"start":{"line":93,"column":2},"end":{"line":98,"column":4}},"46":{"start":{"line":94,"column":4},"end":{"line":96,"column":5}},"47":{"start":{"line":95,"column":6},"end":{"line":95,"column":78}},"48":{"start":{"line":97,"column":4},"end":{"line":97,"column":11}},"49":{"start":{"line":101,"column":0},"end":{"line":109,"column":2}}},"fnMap":{"0":{"name":"(anonymous_0)","decl":{"start":{"line":4,"column":24},"end":{"line":4,"column":25}},"loc":{"start":{"line":4,"column":50},"end":{"line":9,"column":1}},"line":4},"1":{"name":"(anonymous_1)","decl":{"start":{"line":11,"column":35},"end":{"line":11,"column":36}},"loc":{"start":{"line":11,"column":60},"end":{"line":31,"column":1}},"line":11},"2":{"name":"(anonymous_2)","decl":{"start":{"line":34,"column":22},"end":{"line":34,"column":23}},"loc":{"start":{"line":34,"column":43},"end":{"line":43,"column":1}},"line":34},"3":{"name":"(anonymous_3)","decl":{"start":{"line":35,"column":9},"end":{"line":35,"column":10}},"loc":{"start":{"line":35,"column":29},"end":{"line":42,"column":3}},"line":35},"4":{"name":"(anonymous_4)","decl":{"start":{"line":46,"column":27},"end":{"line":46,"column":28}},"loc":{"start":{"line":46,"column":66},"end":{"line":56,"column":1}},"line":46},"5":{"name":"(anonymous_5)","decl":{"start":{"line":47,"column":9},"end":{"line":47,"column":10}},"loc":{"start":{"line":47,"column":29},"end":{"line":55,"column":3}},"line":47},"6":{"name":"(anonymous_6)","decl":{"start":{"line":58,"column":30},"end":{"line":58,"column":31}},"loc":{"start":{"line":58,"column":56},"end":{"line":72,"column":1}},"line":58},"7":{"name":"(anonymous_7)","decl":{"start":{"line":75,"column":33},"end":{"line":75,"column":34}},"loc":{"start":{"line":75,"column":54},"end":{"line":89,"column":1}},"line":75},"8":{"name":"(anonymous_8)","decl":{"start":{"line":76,"column":9},"end":{"line":76,"column":10}},"loc":{"start":{"line":76,"column":29},"end":{"line":88,"column":3}},"line":76},"9":{"name":"(anonymous_9)","decl":{"start":{"line":92,"column":27},"end":{"line":92,"column":28}},"loc":{"start":{"line":92,"column":33},"end":{"line":99,"column":1}},"line":92},"10":{"name":"(anonymous_10)","decl":{"start":{"line":93,"column":9},"end":{"line":93,"column":10}},"loc":{"start":{"line":93,"column":29},"end":{"line":98,"column":3}},"line":93}},"branchMap":{"0":{"loc":{"start":{"line":5,"column":2},"end":{"line":7,"column":3}},"type":"if","locations":[{"start":{"line":5,"column":2},"end":{"line":7,"column":3}},{"start":{},"end":{}}],"line":5},"1":{"loc":{"start":{"line":15,"column":2},"end":{"line":17,"column":3}},"type":"if","locations":[{"start":{"line":15,"column":2},"end":{"line":17,"column":3}},{"start":{},"end":{}}],"line":15},"2":{"loc":{"start":{"line":21,"column":10},"end":{"line":21,"column":61}},"type":"binary-expr","locations":[{"start":{"line":21,"column":10},"end":{"line":21,"column":35}},{"start":{"line":21,"column":39},"end":{"line":21,"column":61}}],"line":21},"3":{"loc":{"start":{"line":22,"column":11},"end":{"line":22,"column":38}},"type":"binary-expr","locations":[{"start":{"line":22,"column":11},"end":{"line":22,"column":30}},{"start":{"line":22,"column":34},"end":{"line":22,"column":38}}],"line":22},"4":{"loc":{"start":{"line":25,"column":15},"end":{"line":25,"column":47}},"type":"binary-expr","locations":[{"start":{"line":25,"column":15},"end":{"line":25,"column":39}},{"start":{"line":25,"column":43},"end":{"line":25,"column":47}}],"line":25},"5":{"loc":{"start":{"line":38,"column":4},"end":{"line":40,"column":5}},"type":"if","locations":[{"start":{"line":38,"column":4},"end":{"line":40,"column":5}},{"start":{},"end":{}}],"line":38},"6":{"loc":{"start":{"line":38,"column":8},"end":{"line":38,"column":50}},"type":"binary-expr","locations":[{"start":{"line":38,"column":8},"end":{"line":38,"column":13}},{"start":{"line":38,"column":17},"end":{"line":38,"column":50}}],"line":38},"7":{"loc":{"start":{"line":46,"column":28},"end":{"line":46,"column":43}},"type":"default-arg","locations":[{"start":{"line":46,"column":39},"end":{"line":46,"column":43}}],"line":46},"8":{"loc":{"start":{"line":46,"column":45},"end":{"line":46,"column":61}},"type":"default-arg","locations":[{"start":{"line":46,"column":56},"end":{"line":46,"column":61}}],"line":46},"9":{"loc":{"start":{"line":51,"column":4},"end":{"line":53,"column":5}},"type":"if","locations":[{"start":{"line":51,"column":4},"end":{"line":53,"column":5}},{"start":{},"end":{}}],"line":51},"10":{"loc":{"start":{"line":51,"column":8},"end":{"line":51,"column":51}},"type":"binary-expr","locations":[{"start":{"line":51,"column":8},"end":{"line":51,"column":13}},{"start":{"line":51,"column":17},"end":{"line":51,"column":51}}],"line":51},"11":{"loc":{"start":{"line":64,"column":4},"end":{"line":64,"column":60}},"type":"if","locations":[{"start":{"line":64,"column":4},"end":{"line":64,"column":60}},{"start":{},"end":{}}],"line":64},"12":{"loc":{"start":{"line":65,"column":4},"end":{"line":66,"column":73}},"type":"if","locations":[{"start":{"line":65,"column":4},"end":{"line":66,"column":73}},{"start":{},"end":{}}],"line":65},"13":{"loc":{"start":{"line":65,"column":8},"end":{"line":65,"column":57}},"type":"binary-expr","locations":[{"start":{"line":65,"column":8},"end":{"line":65,"column":29}},{"start":{"line":65,"column":33},"end":{"line":65,"column":57}}],"line":65},"14":{"loc":{"start":{"line":80,"column":4},"end":{"line":85,"column":5}},"type":"if","locations":[{"start":{"line":80,"column":4},"end":{"line":85,"column":5}},{"start":{},"end":{}}],"line":80},"15":{"loc":{"start":{"line":81,"column":6},"end":{"line":82,"column":72}},"type":"binary-expr","locations":[{"start":{"line":81,"column":6},"end":{"line":81,"column":10}},{"start":{"line":82,"column":7},"end":{"line":82,"column":39}},{"start":{"line":82,"column":43},"end":{"line":82,"column":71}}],"line":81},"16":{"loc":{"start":{"line":94,"column":4},"end":{"line":96,"column":5}},"type":"if","locations":[{"start":{"line":94,"column":4},"end":{"line":96,"column":5}},{"start":{},"end":{}}],"line":94},"17":{"loc":{"start":{"line":94,"column":8},"end":{"line":94,"column":60}},"type":"binary-expr","locations":[{"start":{"line":94,"column":8},"end":{"line":94,"column":21}},{"start":{"line":94,"column":25},"end":{"line":94,"column":60}}],"line":94}},"s":{"0":12,"1":12,"2":12,"3":74,"4":69,"5":5,"6":12,"7":0,"8":0,"9":0,"10":0,"11":0,"12":0,"13":12,"14":108,"15":30,"16":30,"17":7,"18":23,"19":12,"20":0,"21":0,"22":0,"23":0,"24":0,"25":0,"26":12,"27":5,"28":5,"29":5,"30":5,"31":5,"32":0,"33":5,"34":3,"35":2,"36":0,"37":12,"38":24,"39":11,"40":11,"41":11,"42":9,"43":2,"44":12,"45":12,"46":9,"47":1,"48":8,"49":12},"f":{"0":74,"1":0,"2":108,"3":30,"4":0,"5":0,"6":5,"7":24,"8":11,"9":12,"10":9},"b":{"0":[69,5],"1":[0,0],"2":[0,0],"3":[0,0],"4":[0,0],"5":[7,23],"6":[30,30],"7":[0],"8":[0],"9":[0,0],"10":[0,0],"11":[0,5],"12":[3,2],"13":[5,2],"14":[9,2],"15":[11,11,2],"16":[1,8],"17":[9,3]},"_coverageSchema":"1a1c01bbd47fc00a2c39e90264f33305004495a9","hash":"a12cd2ee55e7f7bbceecb9dc3ef977d7e052107b"}
,"C:\\Users\\Usuario\\Documents\\Dicmary\\cse341\\project-byui-car\\middleware\\validateCar.js": {"path":"C:\\Users\\Usuario\\Documents\\Dicmary\\cse341\\project-byui-car\\middleware\\validateCar.js","statementMap":{"0":{"start":{"line":1,"column":35},"end":{"line":1,"column":63}},"1":{"start":{"line":2,"column":22},"end":{"line":2,"column":80}},"2":{"start":{"line":5,"column":22},"end":{"line":47,"column":1}},"3":{"start":{"line":7,"column":26},"end":{"line":9,"column":5}},"4":{"start":{"line":8,"column":15},"end":{"line":8,"column":43}},"5":{"start":{"line":10,"column":4},"end":{"line":13,"column":5}},"6":{"start":{"line":11,"column":20},"end":{"line":11,"column":76}},"7":{"start":{"line":12,"column":6},"end":{"line":12,"column":18}},"8":{"start":{"line":15,"column":4},"end":{"line":15,"column":16}},"9":{"start":{"line":50,"column":28},"end":{"line":93,"column":1}},"10":{"start":{"line":52,"column":26},"end":{"line":54,"column":5}},"11":{"start":{"line":53,"column":15},"end":{"line":53,"column":43}},"12":{"start":{"line":56,"column":4},"end":{"line":59,"column":5}},"13":{"start":{"line":57,"column":20},"end":{"line":57,"column":76}},"14":{"start":{"line":58,"column":6},"end":{"line":58,"column":18}},"15":{"start":{"line":61,"column":4},"end":{"line":61,"column":16}},"16":{"start":{"line":96,"column":24},"end":{"line":108,"column":1}},"17":{"start":{"line":96,"column":30},"end":{"line":108,"column":1}},"18":{"start":{"line":97,"column":17},"end":{"line":97,"column":38}},"19":{"start":{"line":98,"column":2},"end":{"line":100,"column":3}},"20":{"start":{"line":99,"column":4},"end":{"line":99,"column":18}},"21":{"start":{"line":102,"column":26},"end":{"line":102,"column":77}},"22":{"start":{"line":102,"column":55},"end":{"line":102,"column":75}},"23":{"start":{"line":103,"column":23},"end":{"line":103,"column":71}},"24":{"start":{"line":103,"column":50},"end":{"line":103,"column":59}},"25":{"start":{"line":105,"column":16},"end":{"line":105,"column":39}},"26":{"start":{"line":106,"column":2},"end":{"line":106,"column":21}},"27":{"start":{"line":107,"column":2},"end":{"line":107,"column":21}},"28":{"start":{"line":110,"column":0},"end":{"line":114,"column":2}}},"fnMap":{"0":{"name":"(anonymous_0)","decl":{"start":{"line":6,"column":16},"end":{"line":6,"column":17}},"loc":{"start":{"line":6,"column":36},"end":{"line":16,"column":3}},"line":6},"1":{"name":"(anonymous_1)","decl":{"start":{"line":8,"column":6},"end":{"line":8,"column":7}},"loc":{"start":{"line":8,"column":15},"end":{"line":8,"column":43}},"line":8},"2":{"name":"(anonymous_2)","decl":{"start":{"line":51,"column":16},"end":{"line":51,"column":17}},"loc":{"start":{"line":51,"column":42},"end":{"line":62,"column":3}},"line":51},"3":{"name":"(anonymous_3)","decl":{"start":{"line":53,"column":6},"end":{"line":53,"column":7}},"loc":{"start":{"line":53,"column":15},"end":{"line":53,"column":43}},"line":53},"4":{"name":"(anonymous_4)","decl":{"start":{"line":96,"column":24},"end":{"line":96,"column":25}},"loc":{"start":{"line":96,"column":30},"end":{"line":108,"column":1}},"line":96},"5":{"name":"(anonymous_5)","decl":{"start":{"line":96,"column":30},"end":{"line":96,"column":31}},"loc":{"start":{"line":96,"column":50},"end":{"line":108,"column":1}},"line":96},"6":{"name":"(anonymous_6)","decl":{"start":{"line":102,"column":45},"end":{"line":102,"column":46}},"loc":{"start":{"line":102,"column":55},"end":{"line":102,"column":75}},"line":102},"7":{"name":"(anonymous_7)","decl":{"start":{"line":103,"column":43},"end":{"line":103,"column":44}},"loc":{"start":{"line":103,"column":50},"end":{"line":103,"column":59}},"line":103}},"branchMap":{"0":{"loc":{"start":{"line":10,"column":4},"end":{"line":13,"column":5}},"type":"if","locations":[{"start":{"line":10,"column":4},"end":{"line":13,"column":5}},{"start":{},"end":{}}],"line":10},"1":{"loc":{"start":{"line":56,"column":4},"end":{"line":59,"column":5}},"type":"if","locations":[{"start":{"line":56,"column":4},"end":{"line":59,"column":5}},{"start":{},"end":{}}],"line":56},"2":{"loc":{"start":{"line":98,"column":2},"end":{"line":100,"column":3}},"type":"if","locations":[{"start":{"line":98,"column":2},"end":{"line":100,"column":3}},{"start":{},"end":{}}],"line":98}},"s":{"0":12,"1":12,"2":12,"3":5,"4":30,"5":5,"6":1,"7":1,"8":4,"9":12,"10":1,"11":1,"12":1,"13":0,"14":0,"15":1,"16":12,"17":24,"18":6,"19":6,"20":2,"21":4,"22":5,"23":4,"24":5,"25":4,"26":4,"27":4,"28":12},"f":{"0":5,"1":30,"2":1,"3":1,"4":24,"5":6,"6":5,"7":5},"b":{"0":[1,4],"1":[0,1],"2":[2,4]},"_coverageSchema":"1a1c01bbd47fc00a2c39e90264f33305004495a9","hash":"c404878a6717c4bfd5cff875661060421fc5d4b6"}
,"C:\\Users\\Usuario\\Documents\\Dicmary\\cse341\\project-byui-car\\middleware\\validateOrder.js": {"path":"C:\\Users\\Usuario\\Documents\\Dicmary\\cse341\\project-byui-car\\middleware\\validateOrder.js","statementMap":{"0":{"start":{"line":1,"column":35},"end":{"line":1,"column":63}},"1":{"start":{"line":2,"column":18},"end":{"line":2,"column":48}},"2":{"start":{"line":6,"column":24},"end":{"line":59,"column":1}},"3":{"start":{"line":8,"column":26},"end":{"line":8,"column":68}},"4":{"start":{"line":9,"column":26},"end":{"line":11,"column":5}},"5":{"start":{"line":10,"column":15},"end":{"line":10,"column":43}},"6":{"start":{"line":12,"column":4},"end":{"line":15,"column":5}},"7":{"start":{"line":13,"column":20},"end":{"line":13,"column":76}},"8":{"start":{"line":14,"column":6},"end":{"line":14,"column":18}},"9":{"start":{"line":17,"column":4},"end":{"line":17,"column":16}},"10":{"start":{"line":25,"column":26},"end":{"line":32,"column":7}},"11":{"start":{"line":27,"column":10},"end":{"line":31,"column":27}},"12":{"start":{"line":33,"column":6},"end":{"line":37,"column":7}},"13":{"start":{"line":34,"column":8},"end":{"line":36,"column":10}},"14":{"start":{"line":40,"column":22},"end":{"line":40,"column":54}},"15":{"start":{"line":40,"column":42},"end":{"line":40,"column":53}},"16":{"start":{"line":41,"column":23},"end":{"line":41,"column":66}},"17":{"start":{"line":42,"column":6},"end":{"line":44,"column":7}},"18":{"start":{"line":43,"column":8},"end":{"line":43,"column":83}},"19":{"start":{"line":46,"column":6},"end":{"line":46,"column":18}},"20":{"start":{"line":62,"column":30},"end":{"line":110,"column":1}},"21":{"start":{"line":64,"column":26},"end":{"line":64,"column":45}},"22":{"start":{"line":65,"column":26},"end":{"line":67,"column":5}},"23":{"start":{"line":66,"column":15},"end":{"line":66,"column":43}},"24":{"start":{"line":68,"column":4},"end":{"line":71,"column":5}},"25":{"start":{"line":69,"column":20},"end":{"line":69,"column":76}},"26":{"start":{"line":70,"column":6},"end":{"line":70,"column":18}},"27":{"start":{"line":73,"column":4},"end":{"line":73,"column":16}},"28":{"start":{"line":82,"column":26},"end":{"line":89,"column":7}},"29":{"start":{"line":84,"column":10},"end":{"line":88,"column":27}},"30":{"start":{"line":90,"column":6},"end":{"line":94,"column":7}},"31":{"start":{"line":91,"column":8},"end":{"line":93,"column":10}},"32":{"start":{"line":97,"column":22},"end":{"line":97,"column":54}},"33":{"start":{"line":97,"column":42},"end":{"line":97,"column":53}},"34":{"start":{"line":98,"column":23},"end":{"line":98,"column":66}},"35":{"start":{"line":99,"column":6},"end":{"line":101,"column":7}},"36":{"start":{"line":100,"column":8},"end":{"line":100,"column":83}},"37":{"start":{"line":103,"column":6},"end":{"line":103,"column":18}},"38":{"start":{"line":113,"column":24},"end":{"line":125,"column":1}},"39":{"start":{"line":113,"column":30},"end":{"line":125,"column":1}},"40":{"start":{"line":114,"column":17},"end":{"line":114,"column":38}},"41":{"start":{"line":115,"column":2},"end":{"line":117,"column":3}},"42":{"start":{"line":116,"column":4},"end":{"line":116,"column":18}},"43":{"start":{"line":119,"column":26},"end":{"line":119,"column":77}},"44":{"start":{"line":119,"column":55},"end":{"line":119,"column":75}},"45":{"start":{"line":120,"column":23},"end":{"line":120,"column":71}},"46":{"start":{"line":120,"column":50},"end":{"line":120,"column":59}},"47":{"start":{"line":122,"column":16},"end":{"line":122,"column":39}},"48":{"start":{"line":123,"column":2},"end":{"line":123,"column":21}},"49":{"start":{"line":124,"column":2},"end":{"line":124,"column":21}},"50":{"start":{"line":127,"column":0},"end":{"line":131,"column":2}}},"fnMap":{"0":{"name":"(anonymous_0)","decl":{"start":{"line":7,"column":16},"end":{"line":7,"column":17}},"loc":{"start":{"line":7,"column":41},"end":{"line":18,"column":3}},"line":7},"1":{"name":"(anonymous_1)","decl":{"start":{"line":10,"column":6},"end":{"line":10,"column":7}},"loc":{"start":{"line":10,"column":15},"end":{"line":10,"column":43}},"line":10},"2":{"name":"(anonymous_2)","decl":{"start":{"line":23,"column":12},"end":{"line":23,"column":13}},"loc":{"start":{"line":23,"column":29},"end":{"line":47,"column":5}},"line":23},"3":{"name":"(anonymous_3)","decl":{"start":{"line":26,"column":8},"end":{"line":26,"column":9}},"loc":{"start":{"line":27,"column":10},"end":{"line":31,"column":27}},"line":27},"4":{"name":"(anonymous_4)","decl":{"start":{"line":40,"column":32},"end":{"line":40,"column":33}},"loc":{"start":{"line":40,"column":42},"end":{"line":40,"column":53}},"line":40},"5":{"name":"(anonymous_5)","decl":{"start":{"line":63,"column":16},"end":{"line":63,"column":17}},"loc":{"start":{"line":63,"column":42},"end":{"line":74,"column":3}},"line":63},"6":{"name":"(anonymous_6)","decl":{"start":{"line":66,"column":6},"end":{"line":66,"column":7}},"loc":{"start":{"line":66,"column":15},"end":{"line":66,"column":43}},"line":66},"7":{"name":"(anonymous_7)","decl":{"start":{"line":80,"column":12},"end":{"line":80,"column":13}},"loc":{"start":{"line":80,"column":29},"end":{"line":104,"column":5}},"line":80},"8":{"name":"(anonymous_8)","decl":{"start":{"line":83,"column":8},"end":{"line":83,"column":9}},"loc":{"start":{"line":84,"column":10},"end":{"line":88,"column":27}},"line":84},"9":{"name":"(anonymous_9)","decl":{"start":{"line":97,"column":32},"end":{"line":97,"column":33}},"loc":{"start":{"line":97,"column":42},"end":{"line":97,"column":53}},"line":97},"10":{"name":"(anonymous_10)","decl":{"start":{"line":113,"column":24},"end":{"line":113,"column":25}},"loc":{"start":{"line":113,"column":30},"end":{"line":125,"column":1}},"line":113},"11":{"name":"(anonymous_11)","decl":{"start":{"line":113,"column":30},"end":{"line":113,"column":31}},"loc":{"start":{"line":113,"column":50},"end":{"line":125,"column":1}},"line":113},"12":{"name":"(anonymous_12)","decl":{"start":{"line":119,"column":45},"end":{"line":119,"column":46}},"loc":{"start":{"line":119,"column":55},"end":{"line":119,"column":75}},"line":119},"13":{"name":"(anonymous_13)","decl":{"start":{"line":120,"column":43},"end":{"line":120,"column":44}},"loc":{"start":{"line":120,"column":50},"end":{"line":120,"column":59}},"line":120}},"branchMap":{"0":{"loc":{"start":{"line":12,"column":4},"end":{"line":15,"column":5}},"type":"if","locations":[{"start":{"line":12,"column":4},"end":{"line":15,"column":5}},{"start":{},"end":{}}],"line":12},"1":{"loc":{"start":{"line":27,"column":10},"end":{"line":31,"column":27}},"type":"binary-expr","locations":[{"start":{"line":27,"column":10},"end":{"line":27,"column":22}},{"start":{"line":28,"column":10},"end":{"line":28,"column":24}},{"start":{"line":29,"column":10},"end":{"line":29,"column":48}},{"start":{"line":30,"column":10},"end":{"line":30,"column":43}},{"start":{"line":31,"column":10},"end":{"line":31,"column":27}}],"line":27},"2":{"loc":{"start":{"line":33,"column":6},"end":{"line":37,"column":7}},"type":"if","locations":[{"start":{"line":33,"column":6},"end":{"line":37,"column":7}},{"start":{},"end":{}}],"line":33},"3":{"loc":{"start":{"line":42,"column":6},"end":{"line":44,"column":7}},"type":"if","locations":[{"start":{"line":42,"column":6},"end":{"line":44,"column":7}},{"start":{},"end":{}}],"line":42},"4":{"loc":{"start":{"line":68,"column":4},"end":{"line":71,"column":5}},"type":"if","locations":[{"start":{"line":68,"column":4},"end":{"line":71,"column":5}},{"start":{},"end":{}}],"line":68},"5":{"loc":{"start":{"line":84,"column":10},"end":{"line":88,"column":27}},"type":"binary-expr","locations":[{"start":{"line":84,"column":10},"end":{"line":84,"column":22}},{"start":{"line":85,"column":10},"end":{"line":85,"column":24}},{"start":{"line":86,"column":10},"end":{"line":86,"column":48}},{"start":{"line":87,"column":10},"end":{"line":87,"column":43}},{"start":{"line":88,"column":10},"end":{"line":88,"column":27}}],"line":84},"6":{"loc":{"start":{"line":90,"column":6},"end":{"line":94,"column":7}},"type":"if","locations":[{"start":{"line":90,"column":6},"end":{"line":94,"column":7}},{"start":{},"end":{}}],"line":90},"7":{"loc":{"start":{"line":99,"column":6},"end":{"line":101,"column":7}},"type":"if","locations":[{"start":{"line":99,"column":6},"end":{"line":101,"column":7}},{"start":{},"end":{}}],"line":99},"8":{"loc":{"start":{"line":115,"column":2},"end":{"line":117,"column":3}},"type":"if","locations":[{"start":{"line":115,"column":2},"end":{"line":117,"column":3}},{"start":{},"end":{}}],"line":115}},"s":{"0":12,"1":12,"2":12,"3":6,"4":6,"5":13,"6":6,"7":1,"8":1,"9":5,"10":6,"11":7,"12":6,"13":1,"14":5,"15":6,"16":5,"17":5,"18":2,"19":3,"20":12,"21":1,"22":1,"23":1,"24":1,"25":0,"26":0,"27":1,"28":0,"29":0,"30":0,"31":0,"32":0,"33":0,"34":0,"35":0,"36":0,"37":0,"38":12,"39":24,"40":7,"41":7,"42":2,"43":5,"44":6,"45":5,"46":6,"47":5,"48":5,"49":5,"50":12},"f":{"0":6,"1":13,"2":6,"3":7,"4":6,"5":1,"6":1,"7":0,"8":0,"9":0,"10":24,"11":7,"12":6,"13":6},"b":{"0":[1,5],"1":[7,7,7,6,6],"2":[1,5],"3":[2,3],"4":[0,1],"5":[0,0,0,0,0],"6":[0,0],"7":[0,0],"8":[2,5]},"_coverageSchema":"1a1c01bbd47fc00a2c39e90264f33305004495a9","hash":"6fdfce9338809a5dc44e1e2b06712fdd932d43d5"}
,"C:\\Users\\Usuario\\Documents\\Dicmary\\cse341\\project-byui-car\\middleware\\validateRequest.js": {"path":"C:\\Users\\Usuario\\Documents\\Dicmary\\cse341\\project-byui-car\\middleware\\validateRequest.js","statementMap":{"0":{"start":{"line":1,"column":23},"end":{"line":8,"column":1}},"1":{"start":{"line":2,"column":2},"end":{"line":6,"column":3}},"2":{"start":{"line":3,"column":18},"end":{"line":3,"column":60}},"3":{"start":{"line":4,"column":4},"end":{"line":4,"column":23}},"4":{"start":{"line":5,"column":4},"end":{"line":5,"column":23}},"5":{"start":{"line":7,"column":2},"end":{"line":7,"column":9}},"6":{"start":{"line":11,"column":26},"end":{"line":23,"column":1}},"7":{"start":{"line":11,"column":52},"end":{"line":23,"column":1}},"8":{"start":{"line":12,"column":17},"end":{"line":12,"column":27}},"9":{"start":{"line":13,"column":25},"end":{"line":13,"column":55}},"10":{"start":{"line":15,"column":2},"end":{"line":19,"column":3}},"11":{"start":{"line":16,"column":18},"end":{"line":16,"column":74}},"12":{"start":{"line":17,"column":4},"end":{"line":17,"column":23}},"13":{"start":{"line":18,"column":4},"end":{"line":18,"column":23}},"14":{"start":{"line":21,"column":2},"end":{"line":21,"column":38}},"15":{"start":{"line":22,"column":2},"end":{"line":22,"column":9}},"16":{"start":{"line":26,"column":30},"end":{"line":52,"column":1}},"17":{"start":{"line":26,"column":49},"end":{"line":52,"column":1}},"18":{"start":{"line":27,"column":33},"end":{"line":32,"column":10}},"19":{"start":{"line":28,"column":23},"end":{"line":28,"column":50}},"20":{"start":{"line":30,"column":6},"end":{"line":30,"column":23}},"21":{"start":{"line":31,"column":6},"end":{"line":31,"column":17}},"22":{"start":{"line":34,"column":30},"end":{"line":39,"column":10}},"23":{"start":{"line":35,"column":23},"end":{"line":35,"column":50}},"24":{"start":{"line":37,"column":6},"end":{"line":37,"column":23}},"25":{"start":{"line":38,"column":6},"end":{"line":38,"column":17}},"26":{"start":{"line":41,"column":22},"end":{"line":43,"column":3}},"27":{"start":{"line":42,"column":13},"end":{"line":42,"column":69}},"28":{"start":{"line":45,"column":2},"end":{"line":49,"column":3}},"29":{"start":{"line":46,"column":18},"end":{"line":46,"column":75}},"30":{"start":{"line":47,"column":4},"end":{"line":47,"column":23}},"31":{"start":{"line":48,"column":4},"end":{"line":48,"column":23}},"32":{"start":{"line":51,"column":2},"end":{"line":51,"column":9}},"33":{"start":{"line":54,"column":0},"end":{"line":58,"column":2}}},"fnMap":{"0":{"name":"(anonymous_0)","decl":{"start":{"line":1,"column":23},"end":{"line":1,"column":24}},"loc":{"start":{"line":1,"column":43},"end":{"line":8,"column":1}},"line":1},"1":{"name":"(anonymous_1)","decl":{"start":{"line":11,"column":26},"end":{"line":11,"column":27}},"loc":{"start":{"line":11,"column":52},"end":{"line":23,"column":1}},"line":11},"2":{"name":"(anonymous_2)","decl":{"start":{"line":11,"column":52},"end":{"line":11,"column":53}},"loc":{"start":{"line":11,"column":78},"end":{"line":23,"column":1}},"line":11},"3":{"name":"(anonymous_3)","decl":{"start":{"line":26,"column":30},"end":{"line":26,"column":31}},"loc":{"start":{"line":26,"column":49},"end":{"line":52,"column":1}},"line":26},"4":{"name":"(anonymous_4)","decl":{"start":{"line":26,"column":49},"end":{"line":26,"column":50}},"loc":{"start":{"line":26,"column":69},"end":{"line":52,"column":1}},"line":26},"5":{"name":"(anonymous_5)","decl":{"start":{"line":28,"column":12},"end":{"line":28,"column":13}},"loc":{"start":{"line":28,"column":23},"end":{"line":28,"column":50}},"line":28},"6":{"name":"(anonymous_6)","decl":{"start":{"line":29,"column":12},"end":{"line":29,"column":13}},"loc":{"start":{"line":29,"column":35},"end":{"line":32,"column":5}},"line":29},"7":{"name":"(anonymous_7)","decl":{"start":{"line":35,"column":12},"end":{"line":35,"column":13}},"loc":{"start":{"line":35,"column":23},"end":{"line":35,"column":50}},"line":35},"8":{"name":"(anonymous_8)","decl":{"start":{"line":36,"column":12},"end":{"line":36,"column":13}},"loc":{"start":{"line":36,"column":35},"end":{"line":39,"column":5}},"line":36},"9":{"name":"(anonymous_9)","decl":{"start":{"line":42,"column":4},"end":{"line":42,"column":5}},"loc":{"start":{"line":42,"column":13},"end":{"line":42,"column":69}},"line":42}},"branchMap":{"0":{"loc":{"start":{"line":2,"column":2},"end":{"line":6,"column":3}},"type":"if","locations":[{"start":{"line":2,"column":2},"end":{"line":6,"column":3}},{"start":{},"end":{}}],"line":2},"1":{"loc":{"start":{"line":15,"column":2},"end":{"line":19,"column":3}},"type":"if","locations":[{"start":{"line":15,"column":2},"end":{"line":19,"column":3}},{"start":{},"end":{}}],"line":15},"2":{"loc":{"start":{"line":45,"column":2},"end":{"line":49,"column":3}},"type":"if","locations":[{"start":{"line":45,"column":2},"end":{"line":49,"column":3}},{"start":{},"end":{}}],"line":45}},"s":{"0":12,"1":37,"2":6,"3":6,"4":6,"5":31,"6":12,"7":48,"8":14,"9":14,"10":14,"11":4,"12":4,"13":4,"14":10,"15":10,"16":12,"17":48,"18":9,"19":58,"20":32,"21":32,"22":9,"23":13,"24":12,"25":12,"26":9,"27":11,"28":9,"29":2,"30":2,"31":2,"32":7,"33":12},"f":{"0":37,"1":48,"2":14,"3":48,"4":9,"5":58,"6":32,"7":13,"8":12,"9":11},"b":{"0":[6,31],"1":[4,10],"2":[2,7]},"_coverageSchema":"1a1c01bbd47fc00a2c39e90264f33305004495a9","hash":"7787acb5a43a74963b45a2f1bae0845fb032a918"}
,"C:\\Users\\Usuario\\Documents\\Dicmary\\cse341\\project-byui-car\\middleware\\validateSparePart.js": {"path":"C:\\Users\\Usuario\\Documents\\Dicmary\\cse341\\project-byui-car\\middleware\\validateSparePart.js","statementMap":{"0":{"start":{"line":1,"column":35},"end":{"line":1,"column":63}},"1":{"start":{"line":2,"column":22},"end":{"line":2,"column":93}},"2":{"start":{"line":5,"column":28},"end":{"line":61,"column":1}},"3":{"start":{"line":7,"column":26},"end":{"line":9,"column":5}},"4":{"start":{"line":8,"column":15},"end":{"line":8,"column":43}},"5":{"start":{"line":10,"column":4},"end":{"line":13,"column":5}},"6":{"start":{"line":11,"column":20},"end":{"line":11,"column":76}},"7":{"start":{"line":12,"column":6},"end":{"line":12,"column":18}},"8":{"start":{"line":15,"column":4},"end":{"line":15,"column":16}},"9":{"start":{"line":46,"column":28},"end":{"line":46,"column":90}},"10":{"start":{"line":47,"column":30},"end":{"line":47,"column":87}},"11":{"start":{"line":47,"column":54},"end":{"line":47,"column":86}},"12":{"start":{"line":48,"column":6},"end":{"line":50,"column":7}},"13":{"start":{"line":49,"column":8},"end":{"line":49,"column":88}},"14":{"start":{"line":51,"column":6},"end":{"line":51,"column":18}},"15":{"start":{"line":64,"column":34},"end":{"line":119,"column":1}},"16":{"start":{"line":66,"column":26},"end":{"line":68,"column":5}},"17":{"start":{"line":67,"column":15},"end":{"line":67,"column":43}},"18":{"start":{"line":69,"column":4},"end":{"line":72,"column":5}},"19":{"start":{"line":70,"column":20},"end":{"line":70,"column":76}},"20":{"start":{"line":71,"column":6},"end":{"line":71,"column":18}},"21":{"start":{"line":74,"column":4},"end":{"line":74,"column":16}},"22":{"start":{"line":105,"column":28},"end":{"line":105,"column":90}},"23":{"start":{"line":106,"column":30},"end":{"line":106,"column":87}},"24":{"start":{"line":106,"column":54},"end":{"line":106,"column":86}},"25":{"start":{"line":107,"column":6},"end":{"line":109,"column":7}},"26":{"start":{"line":108,"column":8},"end":{"line":108,"column":88}},"27":{"start":{"line":110,"column":6},"end":{"line":110,"column":18}},"28":{"start":{"line":122,"column":24},"end":{"line":134,"column":1}},"29":{"start":{"line":122,"column":30},"end":{"line":134,"column":1}},"30":{"start":{"line":123,"column":17},"end":{"line":123,"column":38}},"31":{"start":{"line":124,"column":2},"end":{"line":132,"column":3}},"32":{"start":{"line":125,"column":28},"end":{"line":125,"column":79}},"33":{"start":{"line":125,"column":57},"end":{"line":125,"column":77}},"34":{"start":{"line":126,"column":25},"end":{"line":126,"column":73}},"35":{"start":{"line":126,"column":52},"end":{"line":126,"column":61}},"36":{"start":{"line":129,"column":18},"end":{"line":129,"column":41}},"37":{"start":{"line":130,"column":4},"end":{"line":130,"column":23}},"38":{"start":{"line":131,"column":4},"end":{"line":131,"column":23}},"39":{"start":{"line":133,"column":2},"end":{"line":133,"column":16}},"40":{"start":{"line":136,"column":0},"end":{"line":140,"column":2}}},"fnMap":{"0":{"name":"(anonymous_0)","decl":{"start":{"line":6,"column":16},"end":{"line":6,"column":17}},"loc":{"start":{"line":6,"column":42},"end":{"line":16,"column":3}},"line":6},"1":{"name":"(anonymous_1)","decl":{"start":{"line":8,"column":6},"end":{"line":8,"column":7}},"loc":{"start":{"line":8,"column":15},"end":{"line":8,"column":43}},"line":8},"2":{"name":"(anonymous_2)","decl":{"start":{"line":45,"column":12},"end":{"line":45,"column":13}},"loc":{"start":{"line":45,"column":23},"end":{"line":52,"column":5}},"line":45},"3":{"name":"(anonymous_3)","decl":{"start":{"line":47,"column":43},"end":{"line":47,"column":44}},"loc":{"start":{"line":47,"column":54},"end":{"line":47,"column":86}},"line":47},"4":{"name":"(anonymous_4)","decl":{"start":{"line":65,"column":16},"end":{"line":65,"column":17}},"loc":{"start":{"line":65,"column":42},"end":{"line":75,"column":3}},"line":65},"5":{"name":"(anonymous_5)","decl":{"start":{"line":67,"column":6},"end":{"line":67,"column":7}},"loc":{"start":{"line":67,"column":15},"end":{"line":67,"column":43}},"line":67},"6":{"name":"(anonymous_6)","decl":{"start":{"line":104,"column":12},"end":{"line":104,"column":13}},"loc":{"start":{"line":104,"column":23},"end":{"line":111,"column":5}},"line":104},"7":{"name":"(anonymous_7)","decl":{"start":{"line":106,"column":43},"end":{"line":106,"column":44}},"loc":{"start":{"line":106,"column":54},"end":{"line":106,"column":86}},"line":106},"8":{"name":"(anonymous_8)","decl":{"start":{"line":122,"column":24},"end":{"line":122,"column":25}},"loc":{"start":{"line":122,"column":30},"end":{"line":134,"column":1}},"line":122},"9":{"name":"(anonymous_9)","decl":{"start":{"line":122,"column":30},"end":{"line":122,"column":31}},"loc":{"start":{"line":122,"column":50},"end":{"line":134,"column":1}},"line":122},"10":{"name":"(anonymous_10)","decl":{"start":{"line":125,"column":47},"end":{"line":125,"column":48}},"loc":{"start":{"line":125,"column":57},"end":{"line":125,"column":77}},"line":125},"11":{"name":"(anonymous_11)","decl":{"start":{"line":126,"column":45},"end":{"line":126,"column":46}},"loc":{"start":{"line":126,"column":52},"end":{"line":126,"column":61}},"line":126}},"branchMap":{"0":{"loc":{"start":{"line":10,"column":4},"end":{"line":13,"column":5}},"type":"if","locations":[{"start":{"line":10,"column":4},"end":{"line":13,"column":5}},{"start":{},"end":{}}],"line":10},"1":{"loc":{"start":{"line":48,"column":6},"end":{"line":50,"column":7}},"type":"if","locations":[{"start":{"line":48,"column":6},"end":{"line":50,"column":7}},{"start":{},"end":{}}],"line":48},"2":{"loc":{"start":{"line":69,"column":4},"end":{"line":72,"column":5}},"type":"if","locations":[{"start":{"line":69,"column":4},"end":{"line":72,"column":5}},{"start":{},"end":{}}],"line":69},"3":{"loc":{"start":{"line":107,"column":6},"end":{"line":109,"column":7}},"type":"if","locations":[{"start":{"line":107,"column":6},"end":{"line":109,"column":7}},{"start":{},"end":{}}],"line":107},"4":{"loc":{"start":{"line":124,"column":2},"end":{"line":132,"column":3}},"type":"if","locations":[{"start":{"line":124,"column":2},"end":{"line":132,"column":3}},{"start":{},"end":{}}],"line":124}},"s":{"0":12,"1":12,"2":12,"3":6,"4":35,"5":6,"6":1,"7":1,"8":5,"9":6,"10":6,"11":18,"12":6,"13":1,"14":5,"15":12,"16":1,"17":1,"18":1,"19":0,"20":0,"21":1,"22":0,"23":0,"24":0,"25":0,"26":0,"27":0,"28":12,"29":24,"30":7,"31":7,"32":5,"33":9,"34":5,"35":9,"36":5,"37":5,"38":5,"39":2,"40":12},"f":{"0":6,"1":35,"2":6,"3":18,"4":1,"5":1,"6":0,"7":0,"8":24,"9":7,"10":9,"11":9},"b":{"0":[1,5],"1":[1,5],"2":[0,1],"3":[0,0],"4":[5,2]},"_coverageSchema":"1a1c01bbd47fc00a2c39e90264f33305004495a9","hash":"de652d413618b7295753a45f9acd6f68aac00ab9"}
,"C:\\Users\\Usuario\\Documents\\Dicmary\\cse341\\project-byui-car\\middleware\\validateUser.js": {"path":"C:\\Users\\Usuario\\Documents\\Dicmary\\cse341\\project-byui-car\\middleware\\validateUser.js","statementMap":{"0":{"start":{"line":1,"column":35},"end":{"line":1,"column":63}},"1":{"start":{"line":4,"column":29},"end":{"line":30,"column":1}},"2":{"start":{"line":6,"column":26},"end":{"line":6,"column":51}},"3":{"start":{"line":7,"column":26},"end":{"line":9,"column":5}},"4":{"start":{"line":8,"column":15},"end":{"line":8,"column":43}},"5":{"start":{"line":11,"column":4},"end":{"line":14,"column":5}},"6":{"start":{"line":12,"column":20},"end":{"line":12,"column":76}},"7":{"start":{"line":13,"column":6},"end":{"line":13,"column":18}},"8":{"start":{"line":16,"column":4},"end":{"line":16,"column":16}},"9":{"start":{"line":33,"column":24},"end":{"line":45,"column":1}},"10":{"start":{"line":33,"column":30},"end":{"line":45,"column":1}},"11":{"start":{"line":34,"column":17},"end":{"line":34,"column":38}},"12":{"start":{"line":35,"column":2},"end":{"line":37,"column":3}},"13":{"start":{"line":36,"column":4},"end":{"line":36,"column":18}},"14":{"start":{"line":39,"column":26},"end":{"line":39,"column":77}},"15":{"start":{"line":39,"column":55},"end":{"line":39,"column":75}},"16":{"start":{"line":40,"column":23},"end":{"line":40,"column":71}},"17":{"start":{"line":40,"column":50},"end":{"line":40,"column":59}},"18":{"start":{"line":42,"column":16},"end":{"line":42,"column":39}},"19":{"start":{"line":43,"column":2},"end":{"line":43,"column":21}},"20":{"start":{"line":44,"column":2},"end":{"line":44,"column":21}},"21":{"start":{"line":47,"column":0},"end":{"line":50,"column":2}}},"fnMap":{"0":{"name":"(anonymous_0)","decl":{"start":{"line":5,"column":16},"end":{"line":5,"column":17}},"loc":{"start":{"line":5,"column":42},"end":{"line":17,"column":3}},"line":5},"1":{"name":"(anonymous_1)","decl":{"start":{"line":8,"column":6},"end":{"line":8,"column":7}},"loc":{"start":{"line":8,"column":15},"end":{"line":8,"column":43}},"line":8},"2":{"name":"(anonymous_2)","decl":{"start":{"line":33,"column":24},"end":{"line":33,"column":25}},"loc":{"start":{"line":33,"column":30},"end":{"line":45,"column":1}},"line":33},"3":{"name":"(anonymous_3)","decl":{"start":{"line":33,"column":30},"end":{"line":33,"column":31}},"loc":{"start":{"line":33,"column":50},"end":{"line":45,"column":1}},"line":33},"4":{"name":"(anonymous_4)","decl":{"start":{"line":39,"column":45},"end":{"line":39,"column":46}},"loc":{"start":{"line":39,"column":55},"end":{"line":39,"column":75}},"line":39},"5":{"name":"(anonymous_5)","decl":{"start":{"line":40,"column":43},"end":{"line":40,"column":44}},"loc":{"start":{"line":40,"column":50},"end":{"line":40,"column":59}},"line":40}},"branchMap":{"0":{"loc":{"start":{"line":11,"column":4},"end":{"line":14,"column":5}},"type":"if","locations":[{"start":{"line":11,"column":4},"end":{"line":14,"column":5}},{"start":{},"end":{}}],"line":11},"1":{"loc":{"start":{"line":35,"column":2},"end":{"line":37,"column":3}},"type":"if","locations":[{"start":{"line":35,"column":2},"end":{"line":37,"column":3}},{"start":{},"end":{}}],"line":35}},"s":{"0":12,"1":12,"2":4,"3":4,"4":6,"5":4,"6":1,"7":1,"8":3,"9":12,"10":12,"11":4,"12":4,"13":1,"14":3,"15":3,"16":3,"17":3,"18":3,"19":3,"20":3,"21":12},"f":{"0":4,"1":6,"2":12,"3":4,"4":3,"5":3},"b":{"0":[1,3],"1":[1,3]},"_coverageSchema":"1a1c01bbd47fc00a2c39e90264f33305004495a9","hash":"05b92fdcf5c1c99e332e250f2192813a192731fd"}
,"C:\\Users\\Usuario\\Documents\\Dicmary\\cse341\\project-byui-car\\models\\carModel.js": {"path":"C:\\Users\\Usuario\\Documents\\Dicmary\\cse341\\project-byui-car\\models\\carModel.js","statementMap":{"0":{"start":{"line":1,"column":16},"end":{"line":1,"column":47}},"1":{"start":{"line":2,"column":21},"end":{"line":2,"column":39}},"2":{"start":{"line":3,"column":12},"end":{"line":3,"column":26}},"3":{"start":{"line":4,"column":19},"end":{"line":4,"column":41}},"4":{"start":{"line":7,"column":12},"end":{"line":7,"column":21}},"5":{"start":{"line":8,"column":0},"end":{"line":8,"column":16}},"6":{"start":{"line":11,"column":18},"end":{"line":27,"column":1}},"7":{"start":{"line":29,"column":24},"end":{"line":43,"column":1}},"8":{"start":{"line":46,"column":20},"end":{"line":46,"column":42}},"9":{"start":{"line":47,"column":26},"end":{"line":47,"column":54}},"10":{"start":{"line":49,"column":23},"end":{"line":49,"column":29}},"11":{"start":{"line":50,"column":18},"end":{"line":50,"column":23}},"12":{"start":{"line":53,"column":17},"end":{"line":63,"column":1}},"13":{"start":{"line":54,"column":16},"end":{"line":54,"column":36}},"14":{"start":{"line":55,"column":2},"end":{"line":62,"column":3}},"15":{"start":{"line":56,"column":19},"end":{"line":58,"column":17}},"16":{"start":{"line":57,"column":20},"end":{"line":57,"column":56}},"17":{"start":{"line":59,"column":18},"end":{"line":59,"column":59}},"18":{"start":{"line":60,"column":4},"end":{"line":60,"column":23}},"19":{"start":{"line":61,"column":4},"end":{"line":61,"column":16}},"20":{"start":{"line":66,"column":23},"end":{"line":76,"column":1}},"21":{"start":{"line":67,"column":16},"end":{"line":67,"column":42}},"22":{"start":{"line":68,"column":2},"end":{"line":75,"column":3}},"23":{"start":{"line":69,"column":19},"end":{"line":71,"column":17}},"24":{"start":{"line":70,"column":20},"end":{"line":70,"column":56}},"25":{"start":{"line":72,"column":18},"end":{"line":72,"column":66}},"26":{"start":{"line":73,"column":4},"end":{"line":73,"column":23}},"27":{"start":{"line":74,"column":4},"end":{"line":74,"column":16}},"28":{"start":{"line":78,"column":16},"end":{"line":81,"column":1}},"29":{"start":{"line":79,"column":13},"end":{"line":79,"column":28}},"30":{"start":{"line":80,"column":2},"end":{"line":80,"column":56}},"31":{"start":{"line":83,"column":19},"end":{"line":91,"column":1}},"32":{"start":{"line":84,"column":13},"end":{"line":84,"column":28}},"33":{"start":{"line":85,"column":2},"end":{"line":89,"column":3}},"34":{"start":{"line":86,"column":18},"end":{"line":86,"column":48}},"35":{"start":{"line":87,"column":4},"end":{"line":87,"column":23}},"36":{"start":{"line":88,"column":4},"end":{"line":88,"column":16}},"37":{"start":{"line":90,"column":2},"end":{"line":90,"column":74}},"38":{"start":{"line":93,"column":18},"end":{"line":98,"column":1}},"39":{"start":{"line":94,"column":2},"end":{"line":94,"column":20}},"40":{"start":{"line":95,"column":13},"end":{"line":95,"column":28}},"41":{"start":{"line":96,"column":17},"end":{"line":96,"column":71}},"42":{"start":{"line":97,"column":2},"end":{"line":97,"column":27}},"43":{"start":{"line":100,"column":22},"end":{"line":108,"column":1}},"44":{"start":{"line":101,"column":2},"end":{"line":101,"column":26}},"45":{"start":{"line":102,"column":13},"end":{"line":102,"column":28}},"46":{"start":{"line":103,"column":17},"end":{"line":106,"column":3}},"47":{"start":{"line":107,"column":2},"end":{"line":107,"column":33}},"48":{"start":{"line":110,"column":22},"end":{"line":119,"column":1}},"49":{"start":{"line":111,"column":13},"end":{"line":111,"column":28}},"50":{"start":{"line":112,"column":2},"end":{"line":116,"column":3}},"51":{"start":{"line":113,"column":18},"end":{"line":113,"column":48}},"52":{"start":{"line":114,"column":4},"end":{"line":114,"column":23}},"53":{"start":{"line":115,"column":4},"end":{"line":115,"column":16}},"54":{"start":{"line":117,"column":17},"end":{"line":117,"column":92}},"55":{"start":{"line":118,"column":2},"end":{"line":118,"column":33}},"56":{"start":{"line":121,"column":0},"end":{"line":128,"column":2}}},"fnMap":{"0":{"name":"(anonymous_0)","decl":{"start":{"line":53,"column":17},"end":{"line":53,"column":18}},"loc":{"start":{"line":53,"column":30},"end":{"line":63,"column":1}},"line":53},"1":{"name":"(anonymous_1)","decl":{"start":{"line":57,"column":11},"end":{"line":57,"column":12}},"loc":{"start":{"line":57,"column":20},"end":{"line":57,"column":56}},"line":57},"2":{"name":"(anonymous_2)","decl":{"start":{"line":66,"column":23},"end":{"line":66,"column":24}},"loc":{"start":{"line":66,"column":36},"end":{"line":76,"column":1}},"line":66},"3":{"name":"(anonymous_3)","decl":{"start":{"line":70,"column":11},"end":{"line":70,"column":12}},"loc":{"start":{"line":70,"column":20},"end":{"line":70,"column":56}},"line":70},"4":{"name":"(anonymous_4)","decl":{"start":{"line":78,"column":16},"end":{"line":78,"column":17}},"loc":{"start":{"line":78,"column":28},"end":{"line":81,"column":1}},"line":78},"5":{"name":"(anonymous_5)","decl":{"start":{"line":83,"column":19},"end":{"line":83,"column":20}},"loc":{"start":{"line":83,"column":33},"end":{"line":91,"column":1}},"line":83},"6":{"name":"(anonymous_6)","decl":{"start":{"line":93,"column":18},"end":{"line":93,"column":19}},"loc":{"start":{"line":93,"column":37},"end":{"line":98,"column":1}},"line":93},"7":{"name":"(anonymous_7)","decl":{"start":{"line":100,"column":22},"end":{"line":100,"column":23}},"loc":{"start":{"line":100,"column":48},"end":{"line":108,"column":1}},"line":100},"8":{"name":"(anonymous_8)","decl":{"start":{"line":110,"column":22},"end":{"line":110,"column":23}},"loc":{"start":{"line":110,"column":39},"end":{"line":119,"column":1}},"line":110}},"branchMap":{"0":{"loc":{"start":{"line":55,"column":2},"end":{"line":62,"column":3}},"type":"if","locations":[{"start":{"line":55,"column":2},"end":{"line":62,"column":3}},{"start":{},"end":{}}],"line":55},"1":{"loc":{"start":{"line":68,"column":2},"end":{"line":75,"column":3}},"type":"if","locations":[{"start":{"line":68,"column":2},"end":{"line":75,"column":3}},{"start":{},"end":{}}],"line":68},"2":{"loc":{"start":{"line":85,"column":2},"end":{"line":89,"column":3}},"type":"if","locations":[{"start":{"line":85,"column":2},"end":{"line":89,"column":3}},{"start":{},"end":{}}],"line":85},"3":{"loc":{"start":{"line":112,"column":2},"end":{"line":116,"column":3}},"type":"if","locations":[{"start":{"line":112,"column":2},"end":{"line":116,"column":3}},{"start":{},"end":{}}],"line":112}},"s":{"0":12,"1":12,"2":12,"3":12,"4":12,"5":12,"6":12,"7":12,"8":12,"9":12,"10":12,"11":12,"12":12,"13":1,"14":1,"15":0,"16":0,"17":0,"18":0,"19":0,"20":12,"21":1,"22":1,"23":0,"24":0,"25":0,"26":0,"27":0,"28":12,"29":1,"30":1,"31":12,"32":11,"33":11,"34":0,"35":0,"36":0,"37":11,"38":12,"39":1,"40":1,"41":1,"42":1,"43":12,"44":1,"45":1,"46":1,"47":1,"48":12,"49":1,"50":1,"51":0,"52":0,"53":0,"54":1,"55":1,"56":12},"f":{"0":1,"1":0,"2":1,"3":0,"4":1,"5":11,"6":1,"7":1,"8":1},"b":{"0":[0,1],"1":[0,1],"2":[0,11],"3":[0,1]},"_coverageSchema":"1a1c01bbd47fc00a2c39e90264f33305004495a9","hash":"26ee8f704f82e833996c3c4de6fe950a2d1b8fe7"}
[...]
e":79,"column":3}},"34":{"start":{"line":76,"column":18},"end":{"line":76,"column":48}},"35":{"start":{"line":77,"column":4},"end":{"line":77,"column":23}},"36":{"start":{"line":78,"column":4},"end":{"line":78,"column":16}},"37":{"start":{"line":80,"column":2},"end":{"line":80,"column":74}},"38":{"start":{"line":83,"column":22},"end":{"line":92,"column":1}},"39":{"start":{"line":84,"column":13},"end":{"line":84,"column":28}},"40":{"start":{"line":85,"column":2},"end":{"line":89,"column":3}},"41":{"start":{"line":86,"column":18},"end":{"line":86,"column":55}},"42":{"start":{"line":87,"column":4},"end":{"line":87,"column":23}},"43":{"start":{"line":88,"column":4},"end":{"line":88,"column":16}},"44":{"start":{"line":91,"column":2},"end":{"line":91,"column":65}},"45":{"start":{"line":94,"column":19},"end":{"line":110,"column":1}},"46":{"start":{"line":95,"column":2},"end":{"line":95,"column":21}},"47":{"start":{"line":96,"column":2},"end":{"line":98,"column":3}},"48":{"start":{"line":97,"column":4},"end":{"line":97,"column":29}},"49":{"start":{"line":99,"column":2},"end":{"line":101,"column":3}},"50":{"start":{"line":100,"column":4},"end":{"line":100,"column":55}},"51":{"start":{"line":102,"column":13},"end":{"line":102,"column":28}},"52":{"start":{"line":103,"column":17},"end":{"line":103,"column":72}},"53":{"start":{"line":104,"column":2},"end":{"line":108,"column":3}},"54":{"start":{"line":105,"column":18},"end":{"line":105,"column":52}},"55":{"start":{"line":106,"column":4},"end":{"line":106,"column":23}},"56":{"start":{"line":107,"column":4},"end":{"line":107,"column":16}},"57":{"start":{"line":109,"column":2},"end":{"line":109,"column":27}},"58":{"start":{"line":112,"column":23},"end":{"line":130,"column":1}},"59":{"start":{"line":113,"column":2},"end":{"line":117,"column":3}},"60":{"start":{"line":114,"column":18},"end":{"line":114,"column":48}},"61":{"start":{"line":115,"column":4},"end":{"line":115,"column":23}},"62":{"start":{"line":116,"column":4},"end":{"line":116,"column":16}},"63":{"start":{"line":118,"column":2},"end":{"line":118,"column":27}},"64":{"start":{"line":119,"column":13},"end":{"line":119,"column":28}},"65":{"start":{"line":120,"column":17},"end":{"line":123,"column":3}},"66":{"start":{"line":124,"column":2},"end":{"line":128,"column":3}},"67":{"start":{"line":125,"column":18},"end":{"line":125,"column":45}},"68":{"start":{"line":126,"column":4},"end":{"line":126,"column":23}},"69":{"start":{"line":127,"column":4},"end":{"line":127,"column":16}},"70":{"start":{"line":129,"column":2},"end":{"line":129,"column":34}},"71":{"start":{"line":132,"column":23},"end":{"line":146,"column":1}},"72":{"start":{"line":133,"column":13},"end":{"line":133,"column":28}},"73":{"start":{"line":134,"column":2},"end":{"line":138,"column":3}},"74":{"start":{"line":135,"column":18},"end":{"line":135,"column":48}},"75":{"start":{"line":136,"column":4},"end":{"line":136,"column":23}},"76":{"start":{"line":137,"column":4},"end":{"line":137,"column":16}},"77":{"start":{"line":139,"column":17},"end":{"line":139,"column":89}},"78":{"start":{"line":140,"column":2},"end":{"line":144,"column":3}},"79":{"start":{"line":141,"column":18},"end":{"line":141,"column":45}},"80":{"start":{"line":142,"column":4},"end":{"line":142,"column":23}},"81":{"start":{"line":143,"column":4},"end":{"line":143,"column":16}},"82":{"start":{"line":145,"column":2},"end":{"line":145,"column":33}},"83":{"start":{"line":148,"column":0},"end":{"line":156,"column":2}}},"fnMap":{"0":{"name":"(anonymous_0)","decl":{"start":{"line":43,"column":17},"end":{"line":43,"column":18}},"loc":{"start":{"line":43,"column":31},"end":{"line":53,"column":1}},"line":43},"1":{"name":"(anonymous_1)","decl":{"start":{"line":47,"column":11},"end":{"line":47,"column":12}},"loc":{"start":{"line":47,"column":20},"end":{"line":47,"column":56}},"line":47},"2":{"name":"(anonymous_2)","decl":{"start":{"line":55,"column":23},"end":{"line":55,"column":24}},"loc":{"start":{"line":55,"column":37},"end":{"line":65,"column":1}},"line":55},"3":{"name":"(anonymous_3)","decl":{"start":{"line":59,"column":11},"end":{"line":59,"column":12}},"loc":{"start":{"line":59,"column":20},"end":{"line":59,"column":56}},"line":59},"4":{"name":"(anonymous_4)","decl":{"start":{"line":68,"column":17},"end":{"line":68,"column":18}},"loc":{"start":{"line":68,"column":29},"end":{"line":71,"column":1}},"line":68},"5":{"name":"(anonymous_5)","decl":{"start":{"line":73,"column":20},"end":{"line":73,"column":21}},"loc":{"start":{"line":73,"column":34},"end":{"line":81,"column":1}},"line":73},"6":{"name":"(anonymous_6)","decl":{"start":{"line":83,"column":22},"end":{"line":83,"column":23}},"loc":{"start":{"line":83,"column":36},"end":{"line":92,"column":1}},"line":83},"7":{"name":"(anonymous_7)","decl":{"start":{"line":94,"column":19},"end":{"line":94,"column":20}},"loc":{"start":{"line":94,"column":39},"end":{"line":110,"column":1}},"line":94},"8":{"name":"(anonymous_8)","decl":{"start":{"line":112,"column":23},"end":{"line":112,"column":24}},"loc":{"start":{"line":112,"column":47},"end":{"line":130,"column":1}},"line":112},"9":{"name":"(anonymous_9)","decl":{"start":{"line":132,"column":23},"end":{"line":132,"column":24}},"loc":{"start":{"line":132,"column":37},"end":{"line":146,"column":1}},"line":132}},"branchMap":{"0":{"loc":{"start":{"line":45,"column":2},"end":{"line":52,"column":3}},"type":"if","locations":[{"start":{"line":45,"column":2},"end":{"line":52,"column":3}},{"start":{},"end":{}}],"line":45},"1":{"loc":{"start":{"line":57,"column":2},"end":{"line":64,"column":3}},"type":"if","locations":[{"start":{"line":57,"column":2},"end":{"line":64,"column":3}},{"start":{},"end":{}}],"line":57},"2":{"loc":{"start":{"line":75,"column":2},"end":{"line":79,"column":3}},"type":"if","locations":[{"start":{"line":75,"column":2},"end":{"line":79,"column":3}},{"start":{},"end":{}}],"line":75},"3":{"loc":{"start":{"line":85,"column":2},"end":{"line":89,"column":3}},"type":"if","locations":[{"start":{"line":85,"column":2},"end":{"line":89,"column":3}},{"start":{},"end":{}}],"line":85},"4":{"loc":{"start":{"line":96,"column":2},"end":{"line":98,"column":3}},"type":"if","locations":[{"start":{"line":96,"column":2},"end":{"line":98,"column":3}},{"start":{},"end":{}}],"line":96},"5":{"loc":{"start":{"line":99,"column":2},"end":{"line":101,"column":3}},"type":"if","locations":[{"start":{"line":99,"column":2},"end":{"line":101,"column":3}},{"start":{},"end":{}}],"line":99},"6":{"loc":{"start":{"line":104,"column":2},"end":{"line":108,"column":3}},"type":"if","locations":[{"start":{"line":104,"column":2},"end":{"line":108,"column":3}},{"start":{},"end":{}}],"line":104},"7":{"loc":{"start":{"line":113,"column":2},"end":{"line":117,"column":3}},"type":"if","locations":[{"start":{"line":113,"column":2},"end":{"line":117,"column":3}},{"start":{},"end":{}}],"line":113},"8":{"loc":{"start":{"line":124,"column":2},"end":{"line":128,"column":3}},"type":"if","locations":[{"start":{"line":124,"column":2},"end":{"line":128,"column":3}},{"start":{},"end":{}}],"line":124},"9":{"loc":{"start":{"line":134,"column":2},"end":{"line":138,"column":3}},"type":"if","locations":[{"start":{"line":134,"column":2},"end":{"line":138,"column":3}},{"start":{},"end":{}}],"line":134},"10":{"loc":{"start":{"line":140,"column":2},"end":{"line":144,"column":3}},"type":"if","locations":[{"start":{"line":140,"column":2},"end":{"line":144,"column":3}},{"start":{},"end":{}}],"line":140}},"s":{"0":12,"1":12,"2":12,"3":12,"4":12,"5":12,"6":12,"7":12,"8":12,"9":12,"10":12,"11":12,"12":12,"13":1,"14":1,"15":0,"16":0,"17":0,"18":0,"19":0,"20":12,"21":1,"22":1,"23":0,"24":0,"25":0,"26":0,"27":0,"28":12,"29":1,"30":1,"31":12,"32":8,"33":8,"34":0,"35":0,"36":0,"37":8,"38":12,"39":0,"40":0,"41":0,"42":0,"43":0,"44":0,"45":12,"46":1,"47":1,"48":0,"49":1,"50":1,"51":1,"52":1,"53":1,"54":0,"55":0,"56":0,"57":1,"58":12,"59":1,"60":0,"61":0,"62":0,"63":1,"64":1,"65":1,"66":1,"67":0,"68":0,"69":0,"70":1,"71":12,"72":3,"73":3,"74":0,"75":0,"76":0,"77":3,"78":3,"79":2,"80":2,"81":2,"82":1,"83":12},"f":{"0":1,"1":0,"2":1,"3":0,"4":1,"5":8,"6":0,"7":1,"8":1,"9":3},"b":{"0":[0,1],"1":[0,1],"2":[0,8],"3":[0,0],"4":[0,1],"5":[1,0],"6":[0,1],"7":[0,1],"8":[0,1],"9":[0,3],"10":[2,1]},"_coverageSchema":"1a1c01bbd47fc00a2c39e90264f33305004495a9","hash":"79bb553662c614259bab58d5c5fd0546e7a23bd5"}
,"C:\\Users\\Usuario\\Documents\\Dicmary\\cse341\\project-byui-car\\routes\\cars.js": {"path":"C:\\Users\\Usuario\\Documents\\Dicmary\\cse341\\project-byui-car\\routes\\cars.js","statementMap":{"0":{"start":{"line":1,"column":16},"end":{"line":1,"column":34}},"1":{"start":{"line":2,"column":23},"end":{"line":2,"column":53}},"2":{"start":{"line":3,"column":64},"end":{"line":3,"column":100}},"3":{"start":{"line":4,"column":51},"end":{"line":4,"column":85}},"4":{"start":{"line":5,"column":69},"end":{"line":5,"column":109}},"5":{"start":{"line":6,"column":12},"end":{"line":6,"column":41}},"6":{"start":{"line":7,"column":22},"end":{"line":7,"column":80}},"7":{"start":{"line":9,"column":15},"end":{"line":9,"column":31}},"8":{"start":{"line":12,"column":0},"end":{"line":12,"column":57}},"9":{"start":{"line":15,"column":0},"end":{"line":15,"column":63}},"10":{"start":{"line":18,"column":0},"end":{"line":24,"column":2}},"11":{"start":{"line":27,"column":0},"end":{"line":36,"column":2}},"12":{"start":{"line":39,"column":0},"end":{"line":43,"column":2}},"13":{"start":{"line":45,"column":0},"end":{"line":45,"column":24}}},"fnMap":{},"branchMap":{},"s":{"0":12,"1":12,"2":12,"3":12,"4":12,"5":12,"6":12,"7":12,"8":12,"9":12,"10":12,"11":12,"12":12,"13":12},"f":{},"b":{},"_coverageSchema":"1a1c01bbd47fc00a2c39e90264f33305004495a9","hash":"95fd1cd18d903b86a6afbc66f9c9a2faff41d0a5"}
,"C:\\Users\\Usuario\\Documents\\Dicmary\\cse341\\project-byui-car\\routes\\index.js": {"path":"C:\\Users\\Usuario\\Documents\\Dicmary\\cse341\\project-byui-car\\routes\\index.js","statementMap":{"0":{"start":{"line":1,"column":18},"end":{"line":1,"column":52}},"1":{"start":{"line":2,"column":17},"end":{"line":2,"column":36}},"2":{"start":{"line":3,"column":15},"end":{"line":3,"column":42}},"3":{"start":{"line":7,"column":0},"end":{"line":7,"column":41}},"4":{"start":{"line":8,"column":0},"end":{"line":8,"column":39}},"5":{"start":{"line":9,"column":0},"end":{"line":9,"column":43}},"6":{"start":{"line":10,"column":0},"end":{"line":10,"column":51}},"7":{"start":{"line":11,"column":0},"end":{"line":11,"column":45}},"8":{"start":{"line":14,"column":0},"end":{"line":28,"column":3}},"9":{"start":{"line":15,"column":2},"end":{"line":27,"column":3}},"10":{"start":{"line":16,"column":4},"end":{"line":24,"column":7}},"11":{"start":{"line":26,"column":4},"end":{"line":26,"column":41}},"12":{"start":{"line":30,"column":0},"end":{"line":32,"column":3}},"13":{"start":{"line":31,"column":2},"end":{"line":31,"column":41}},"14":{"start":{"line":34,"column":0},"end":{"line":36,"column":3}},"15":{"start":{"line":35,"column":2},"end":{"line":35,"column":28}},"16":{"start":{"line":40,"column":0},"end":{"line":47,"column":3}},"17":{"start":{"line":45,"column":2},"end":{"line":45,"column":30}},"18":{"start":{"line":46,"column":2},"end":{"line":46,"column":20}},"19":{"start":{"line":49,"column":0},"end":{"line":49,"column":72}},"20":{"start":{"line":51,"column":0},"end":{"line":63,"column":3}},"21":{"start":{"line":52,"column":2},"end":{"line":62,"column":5}},"22":{"start":{"line":53,"column":4},"end":{"line":55,"column":5}},"23":{"start":{"line":54,"column":6},"end":{"line":54,"column":49}},"24":{"start":{"line":56,"column":4},"end":{"line":61,"column":7}},"25":{"start":{"line":57,"column":6},"end":{"line":59,"column":7}},"26":{"start":{"line":58,"column":8},"end":{"line":58,"column":63}},"27":{"start":{"line":60,"column":6},"end":{"line":60,"column":24}},"28":{"start":{"line":65,"column":0},"end":{"line":70,"column":1}},"29":{"start":{"line":66,"column":2},"end":{"line":69,"column":5}},"30":{"start":{"line":67,"column":6},"end":{"line":67,"column":34}},"31":{"start":{"line":68,"column":6},"end":{"line":68,"column":54}},"32":{"start":{"line":72,"column":0},"end":{"line":72,"column":24}}},"fnMap":{"0":{"name":"(anonymous_0)","decl":{"start":{"line":14,"column":16},"end":{"line":14,"column":17}},"loc":{"start":{"line":14,"column":30},"end":{"line":28,"column":1}},"line":14},"1":{"name":"(anonymous_1)","decl":{"start":{"line":30,"column":58},"end":{"line":30,"column":59}},"loc":{"start":{"line":30,"column":72},"end":{"line":32,"column":1}},"line":30},"2":{"name":"(anonymous_2)","decl":{"start":{"line":34,"column":28},"end":{"line":34,"column":29}},"loc":{"start":{"line":34,"column":42},"end":{"line":36,"column":1}},"line":34},"3":{"name":"(anonymous_3)","decl":{"start":{"line":44,"column":0},"end":{"line":44,"column":1}},"loc":{"start":{"line":44,"column":14},"end":{"line":47,"column":1}},"line":44},"4":{"name":"(anonymous_4)","decl":{"start":{"line":49,"column":54},"end":{"line":49,"column":55}},"loc":{"start":{"line":49,"column":68},"end":{"line":49,"column":70}},"line":49},"5":{"name":"(anonymous_5)","decl":{"start":{"line":51,"column":22},"end":{"line":51,"column":23}},"loc":{"start":{"line":51,"column":36},"end":{"line":63,"column":1}},"line":51},"6":{"name":"(anonymous_6)","decl":{"start":{"line":52,"column":13},"end":{"line":52,"column":14}},"loc":{"start":{"line":52,"column":22},"end":{"line":62,"column":3}},"line":52},"7":{"name":"(anonymous_7)","decl":{"start":{"line":56,"column":24},"end":{"line":56,"column":25}},"loc":{"start":{"line":56,"column":40},"end":{"line":61,"column":5}},"line":56},"8":{"name":"(anonymous_8)","decl":{"start":{"line":66,"column":29},"end":{"line":66,"column":30}},"loc":{"start":{"line":66,"column":43},"end":{"line":69,"column":3}},"line":66}},"branchMap":{"0":{"loc":{"start":{"line":15,"column":2},"end":{"line":27,"column":3}},"type":"if","locations":[{"start":{"line":15,"column":2},"end":{"line":27,"column":3}},{"start":{"line":25,"column":9},"end":{"line":27,"column":3}}],"line":15},"1":{"loc":{"start":{"line":53,"column":4},"end":{"line":55,"column":5}},"type":"if","locations":[{"start":{"line":53,"column":4},"end":{"line":55,"column":5}},{"start":{},"end":{}}],"line":53},"2":{"loc":{"start":{"line":57,"column":6},"end":{"line":59,"column":7}},"type":"if","locations":[{"start":{"line":57,"column":6},"end":{"line":59,"column":7}},{"start":{},"end":{}}],"line":57},"3":{"loc":{"start":{"line":65,"column":0},"end":{"line":70,"column":1}},"type":"if","locations":[{"start":{"line":65,"column":0},"end":{"line":70,"column":1}},{"start":{},"end":{}}],"line":65}},"s":{"0":12,"1":12,"2":12,"3":12,"4":12,"5":12,"6":12,"7":12,"8":12,"9":0,"10":0,"11":0,"12":12,"13":0,"14":12,"15":0,"16":12,"17":0,"18":0,"19":12,"20":12,"21":0,"22":0,"23":0,"24":0,"25":0,"26":0,"27":0,"28":12,"29":12,"30":17,"31":17,"32":12},"f":{"0":0,"1":0,"2":0,"3":0,"4":0,"5":0,"6":0,"7":0,"8":17},"b":{"0":[0,0],"1":[0,0],"2":[0,0],"3":[12,0]},"_coverageSchema":"1a1c01bbd47fc00a2c39e90264f33305004495a9","hash":"7bb7cd15ca3bb10eaf1f93bbe0de1e0e96cd5c40"}
,"C:\\Users\\Usuario\\Documents\\Dicmary\\cse341\\project-byui-car\\routes\\orders.js": {"path":"C:\\Users\\Usuario\\Documents\\Dicmary\\cse341\\project-byui-car\\routes\\orders.js","statementMap":{"0":{"start":{"line":1,"column":16},"end":{"line":1,"column":34}},"1":{"start":{"line":2,"column":25},"end":{"line":2,"column":57}},"2":{"start":{"line":3,"column":68},"end":{"line":3,"column":106}},"3":{"start":{"line":4,"column":43},"end":{"line":4,"column":77}},"4":{"start":{"line":5,"column":69},"end":{"line":5,"column":109}},"5":{"start":{"line":6,"column":14},"end":{"line":6,"column":45}},"6":{"start":{"line":7,"column":22},"end":{"line":7,"column":41}},"7":{"start":{"line":9,"column":15},"end":{"line":9,"column":31}},"8":{"start":{"line":12,"column":0},"end":{"line":16,"column":2}},"9":{"start":{"line":19,"column":0},"end":{"line":23,"column":2}},"10":{"start":{"line":26,"column":0},"end":{"line":32,"column":2}},"11":{"start":{"line":35,"column":0},"end":{"line":44,"column":2}},"12":{"start":{"line":47,"column":0},"end":{"line":51,"column":2}},"13":{"start":{"line":53,"column":0},"end":{"line":53,"column":24}}},"fnMap":{},"branchMap":{},"s":{"0":12,"1":12,"2":12,"3":12,"4":12,"5":12,"6":12,"7":12,"8":12,"9":12,"10":12,"11":12,"12":12,"13":12},"f":{},"b":{},"_coverageSchema":"1a1c01bbd47fc00a2c39e90264f33305004495a9","hash":"da6f544be6c7243fd4c9cbfb62af8df59acda17b"}
,"C:\\Users\\Usuario\\Documents\\Dicmary\\cse341\\project-byui-car\\routes\\sparePart.js": {"path":"C:\\Users\\Usuario\\Documents\\Dicmary\\cse341\\project-byui-car\\routes\\sparePart.js","statementMap":{"0":{"start":{"line":1,"column":16},"end":{"line":1,"column":34}},"1":{"start":{"line":2,"column":28},"end":{"line":2,"column":63}},"2":{"start":{"line":3,"column":76},"end":{"line":3,"column":118}},"3":{"start":{"line":4,"column":43},"end":{"line":4,"column":77}},"4":{"start":{"line":5,"column":69},"end":{"line":5,"column":109}},"5":{"start":{"line":6,"column":22},"end":{"line":6,"column":93}},"6":{"start":{"line":7,"column":13},"end":{"line":7,"column":43}},"7":{"start":{"line":9,"column":15},"end":{"line":9,"column":31}},"8":{"start":{"line":12,"column":0},"end":{"line":12,"column":68}},"9":{"start":{"line":13,"column":0},"end":{"line":13,"column":74}},"10":{"start":{"line":16,"column":0},"end":{"line":24,"column":2}},"11":{"start":{"line":27,"column":0},"end":{"line":37,"column":2}},"12":{"start":{"line":40,"column":0},"end":{"line":45,"column":2}},"13":{"start":{"line":47,"column":0},"end":{"line":47,"column":24}}},"fnMap":{},"branchMap":{},"s":{"0":12,"1":12,"2":12,"3":12,"4":12,"5":12,"6":12,"7":12,"8":12,"9":12,"10":12,"11":12,"12":12,"13":12},"f":{},"b":{},"_coverageSchema":"1a1c01bbd47fc00a2c39e90264f33305004495a9","hash":"31b0a5929451ac25ef6b0b8f7801c0dc4999140a"}
,"C:\\Users\\Usuario\\Documents\\Dicmary\\cse341\\project-byui-car\\routes\\swagger.js": {"path":"C:\\Users\\Usuario\\Documents\\Dicmary\\cse341\\project-byui-car\\routes\\swagger.js","statementMap":{"0":{"start":{"line":1,"column":15},"end":{"line":1,"column":42}},"1":{"start":{"line":2,"column":18},"end":{"line":2,"column":47}},"2":{"start":{"line":3,"column":24},"end":{"line":3,"column":50}},"3":{"start":{"line":6,"column":0},"end":{"line":6,"column":33}},"4":{"start":{"line":7,"column":0},"end":{"line":7,"column":50}},"5":{"start":{"line":9,"column":0},"end":{"line":9,"column":24}}},"fnMap":{},"branchMap":{},"s":{"0":12,"1":12,"2":12,"3":12,"4":12,"5":12},"f":{},"b":{},"_coverageSchema":"1a1c01bbd47fc00a2c39e90264f33305004495a9","hash":"cd9c2010e913ef9942f2cad5552e5a5306b678f0"}
,"C:\\Users\\Usuario\\Documents\\Dicmary\\cse341\\project-byui-car\\routes\\users.js": {"path":"C:\\Users\\Usuario\\Documents\\Dicmary\\cse341\\project-byui-car\\routes\\users.js","statementMap":{"0":{"start":{"line":1,"column":16},"end":{"line":1,"column":34}},"1":{"start":{"line":2,"column":23},"end":{"line":2,"column":54}},"2":{"start":{"line":6,"column":4},"end":{"line":6,"column":41}},"3":{"start":{"line":12,"column":4},"end":{"line":12,"column":38}},"4":{"start":{"line":13,"column":69},"end":{"line":13,"column":109}},"5":{"start":{"line":14,"column":13},"end":{"line":14,"column":43}},"6":{"start":{"line":15,"column":22},"end":{"line":15,"column":47}},"7":{"start":{"line":17,"column":15},"end":{"line":17,"column":31}},"8":{"start":{"line":20,"column":0},"end":{"line":25,"column":2}},"9":{"start":{"line":27,"column":0},"end":{"line":31,"column":2}},"10":{"start":{"line":33,"column":0},"end":{"line":44,"column":2}},"11":{"start":{"line":46,"column":0},"end":{"line":51,"column":2}},"12":{"start":{"line":53,"column":0},"end":{"line":53,"column":24}}},"fnMap":{},"branchMap":{},"s":{"0":12,"1":12,"2":12,"3":12,"4":12,"5":12,"6":12,"7":12,"8":12,"9":12,"10":12,"11":12,"12":12},"f":{},"b":{},"_coverageSchema":"1a1c01bbd47fc00a2c39e90264f33305004495a9","hash":"7449e960eb10c6f46245ce463a07c7abc21f8c48"}
}
