TN:
SF:app.js
FN:45,(anonymous_0)
FN:52,(anonymous_1)
FN:74,(anonymous_2)
FN:75,(anonymous_3)
FN:76,(anonymous_4)
FNF:5
FNH:4
FNDA:0,(anonymous_0)
FNDA:18,(anonymous_1)
FNDA:12,(anonymous_2)
FNDA:12,(anonymous_3)
FNDA:12,(anonymous_4)
DA:2,6
DA:3,6
DA:4,6
DA:5,6
DA:6,6
DA:7,6
DA:8,6
DA:9,6
DA:12,6
DA:14,6
DA:17,6
DA:18,6
DA:21,6
DA:36,6
DA:37,6
DA:40,6
DA:43,6
DA:45,6
DA:46,0
DA:47,0
DA:48,0
DA:52,6
DA:53,18
DA:62,18
DA:63,18
DA:66,18
DA:74,6
DA:75,12
DA:76,12
DA:77,12
DA:78,0
DA:79,0
DA:81,12
DA:87,6
LF:34
LH:29
BRDA:62,0,0,18
BRDA:62,0,1,0
BRDA:63,1,0,18
BRDA:63,1,1,0
BRDA:69,2,0,18
BRDA:69,2,1,0
BRDA:77,3,0,0
BRDA:77,3,1,12
BRF:8
BRH:4
end_of_record
TN:
SF:unitTest.js
FN:5,(anonymous_0)
FN:8,(anonymous_1)
FNF:2
FNH:2
FNDA:6,(anonymous_0)
FNDA:6,(anonymous_1)
DA:1,6
DA:3,6
DA:5,6
DA:6,6
DA:7,6
DA:8,6
DA:9,6
DA:12,0
DA:13,0
DA:17,6
LF:10
LH:8
BRDA:3,0,0,6
BRDA:3,0,1,0
BRF:2
BRH:1
end_of_record
TN:
SF:controllers\cars.js
FN:3,(anonymous_0)
FN:12,(anonymous_1)
FN:26,(anonymous_2)
FN:36,(anonymous_3)
FN:50,(anonymous_4)
FNF:5
FNH:0
FNDA:0,(anonymous_0)
FNDA:0,(anonymous_1)
FNDA:0,(anonymous_2)
FNDA:0,(anonymous_3)
FNDA:0,(anonymous_4)
DA:1,6
DA:3,6
DA:4,0
DA:5,0
DA:6,0
DA:8,0
DA:12,6
DA:13,0
DA:14,0
DA:15,0
DA:16,0
DA:17,0
DA:18,0
DA:20,0
DA:22,0
DA:26,6
DA:27,0
DA:28,0
DA:29,0
DA:30,0
DA:32,0
DA:36,6
DA:37,0
DA:38,0
DA:39,0
DA:40,0
DA:41,0
DA:42,0
DA:44,0
DA:46,0
DA:50,6
DA:51,0
DA:52,0
DA:53,0
DA:54,0
DA:55,0
DA:56,0
DA:58,0
DA:60,0
DA:64,6
LF:40
LH:7
BRDA:15,0,0,0
BRDA:15,0,1,0
BRDA:39,1,0,0
BRDA:39,1,1,0
BRDA:53,2,0,0
BRDA:53,2,1,0
BRF:6
BRH:0
end_of_record
TN:
SF:controllers\orders.js
FN:3,(anonymous_0)
FN:12,(anonymous_1)
FN:26,(anonymous_2)
FN:36,(anonymous_3)
FN:50,(anonymous_4)
FNF:5
FNH:0
FNDA:0,(anonymous_0)
FNDA:0,(anonymous_1)
FNDA:0,(anonymous_2)
FNDA:0,(anonymous_3)
FNDA:0,(anonymous_4)
DA:1,6
DA:3,6
DA:4,0
DA:5,0
DA:6,0
DA:8,0
DA:12,6
DA:13,0
DA:14,0
DA:15,0
DA:16,0
DA:17,0
DA:18,0
DA:20,0
DA:22,0
DA:26,6
DA:27,0
DA:28,0
DA:29,0
DA:30,0
DA:32,0
DA:36,6
DA:37,0
DA:38,0
DA:39,0
DA:40,0
DA:41,0
DA:42,0
DA:44,0
DA:46,0
DA:50,6
DA:51,0
DA:52,0
DA:53,0
DA:54,0
DA:55,0
DA:56,0
DA:58,0
DA:60,0
DA:64,6
LF:40
LH:7
BRDA:15,0,0,0
BRDA:15,0,1,0
BRDA:39,1,0,0
BRDA:39,1,1,0
BRDA:53,2,0,0
BRDA:53,2,1,0
BRF:6
BRH:0
end_of_record
TN:
SF:controllers\sparePart.js
FN:3,(anonymous_0)
FN:12,(anonymous_1)
FN:26,(anonymous_2)
FN:35,(anonymous_3)
FN:49,(anonymous_4)
FNF:5
FNH:5
FNDA:1,(anonymous_0)
FNDA:2,(anonymous_1)
FNDA:1,(anonymous_2)
FNDA:1,(anonymous_3)
FNDA:1,(anonymous_4)
DA:1,6
DA:3,6
DA:4,1
DA:5,1
DA:6,1
DA:8,0
DA:12,6
DA:13,2
DA:14,2
DA:15,2
DA:16,1
DA:17,1
DA:18,1
DA:20,1
DA:22,0
DA:26,6
DA:27,1
DA:28,1
DA:29,1
DA:31,0
DA:35,6
DA:36,1
DA:37,1
DA:38,1
DA:39,0
DA:40,0
DA:41,0
DA:43,1
DA:45,0
DA:49,6
DA:50,1
DA:51,1
DA:52,1
DA:53,0
DA:54,0
DA:55,0
DA:57,1
DA:59,0
DA:63,6
LF:39
LH:28
BRDA:15,0,0,1
BRDA:15,0,1,1
BRDA:38,1,0,0
BRDA:38,1,1,1
BRDA:52,2,0,0
BRDA:52,2,1,1
BRF:6
BRH:4
end_of_record
TN:
SF:controllers\users.js
FN:3,(anonymous_0)
FN:12,(anonymous_1)
FN:26,(anonymous_2)
FN:35,(anonymous_3)
FN:49,(anonymous_4)
FNF:5
FNH:4
FNDA:1,(anonymous_0)
FNDA:4,(anonymous_1)
FNDA:0,(anonymous_2)
FNDA:1,(anonymous_3)
FNDA:2,(anonymous_4)
DA:1,6
DA:3,6
DA:4,1
DA:5,1
DA:6,1
DA:8,0
DA:12,6
DA:13,4
DA:14,4
DA:15,4
DA:16,2
DA:17,2
DA:18,2
DA:20,2
DA:22,0
DA:26,6
DA:27,0
DA:28,0
DA:29,0
DA:31,0
DA:35,6
DA:36,1
DA:37,1
DA:38,1
DA:39,0
DA:40,0
DA:41,0
DA:43,1
DA:45,0
DA:49,6
DA:50,2
DA:51,2
DA:52,1
DA:53,0
DA:54,0
DA:55,0
DA:57,1
DA:59,1
DA:63,6
LF:39
LH:26
BRDA:15,0,0,2
BRDA:15,0,1,2
BRDA:38,1,0,0
BRDA:38,1,1,1
BRDA:52,2,0,0
BRDA:52,2,1,1
BRF:6
BRH:4
end_of_record
TN:
SF:database\database.js
FN:8,(anonymous_0)
FN:15,(anonymous_1)
FN:19,(anonymous_2)
FN:26,(anonymous_3)
FNF:4
FNH:3
FNDA:12,(anonymous_0)
FNDA:6,(anonymous_1)
FNDA:0,(anonymous_2)
FNDA:22,(anonymous_3)
DA:1,6
DA:2,6
DA:3,6
DA:8,6
DA:9,12
DA:10,6
DA:11,6
DA:14,6
DA:16,6
DA:17,6
DA:20,0
DA:21,0
DA:26,6
DA:27,22
DA:28,0
DA:30,22
DA:33,6
LF:17
LH:14
BRDA:9,0,0,6
BRDA:9,0,1,6
BRDA:27,1,0,0
BRDA:27,1,1,22
BRF:4
BRH:3
end_of_record
TN:
SF:middleware\passport.js
FN:5,(anonymous_0)
FN:13,(anonymous_1)
FN:30,(anonymous_2)
FN:31,(anonymous_3)
FNF:4
FNH:1
FNDA:6,(anonymous_0)
FNDA:0,(anonymous_1)
FNDA:0,(anonymous_2)
FNDA:0,(anonymous_3)
DA:1,6
DA:2,6
DA:3,6
DA:5,6
DA:6,6
DA:14,0
DA:15,0
DA:21,0
DA:23,0
DA:24,0
DA:30,6
DA:31,6
DA:32,0
DA:33,0
LF:14
LH:7
BRDA:17,0,0,0
BRDA:17,0,1,0
BRDA:18,1,0,0
BRDA:18,1,1,0
BRDA:19,2,0,0
BRDA:19,2,1,0
BRF:6
BRH:0
end_of_record
TN:
SF:middleware\utilities.js
FN:4,(anonymous_0)
FN:11,(anonymous_1)
FN:34,(anonymous_2)
FN:35,(anonymous_3)
FN:46,(anonymous_4)
FN:47,(anonymous_5)
FN:58,(anonymous_6)
FN:75,(anonymous_7)
FN:76,(anonymous_8)
FN:92,(anonymous_9)
FN:93,(anonymous_10)
FNF:11
FNH:7
FNDA:37,(anonymous_0)
FNDA:0,(anonymous_1)
FNDA:54,(anonymous_2)
FNDA:20,(anonymous_3)
FNDA:0,(anonymous_4)
FNDA:0,(anonymous_5)
FNDA:0,(anonymous_6)
FNDA:12,(anonymous_7)
FNDA:11,(anonymous_8)
FNDA:6,(anonymous_9)
FNDA:9,(anonymous_10)
DA:1,6
DA:2,6
DA:4,6
DA:5,37
DA:6,35
DA:8,2
DA:11,6
DA:13,0
DA:15,0
DA:16,0
DA:20,0
DA:29,0
DA:30,0
DA:34,6
DA:35,54
DA:36,20
DA:38,20
DA:39,4
DA:41,16
DA:46,6
DA:47,0
DA:48,0
DA:49,0
DA:51,0
DA:52,0
DA:54,0
DA:58,6
DA:59,0
DA:60,0
DA:61,0
DA:62,0
DA:64,0
DA:65,0
DA:66,0
DA:68,0
DA:70,0
DA:75,6
DA:76,12
DA:77,11
DA:78,11
DA:80,11
DA:84,9
DA:87,2
DA:92,6
DA:93,6
DA:94,9
DA:95,1
DA:97,8
DA:101,6
LF:49
LH:28
BRDA:5,0,0,35
BRDA:5,0,1,2
BRDA:15,1,0,0
BRDA:15,1,1,0
BRDA:21,2,0,0
BRDA:21,2,1,0
BRDA:22,3,0,0
BRDA:22,3,1,0
BRDA:25,4,0,0
BRDA:25,4,1,0
BRDA:38,5,0,4
BRDA:38,5,1,16
BRDA:38,6,0,20
BRDA:38,6,1,20
BRDA:46,7,0,0
BRDA:46,8,0,0
BRDA:51,9,0,0
BRDA:51,9,1,0
BRDA:51,10,0,0
BRDA:51,10,1,0
BRDA:64,11,0,0
BRDA:64,11,1,0
BRDA:65,12,0,0
BRDA:65,12,1,0
BRDA:65,13,0,0
BRDA:65,13,1,0
BRDA:80,14,0,9
BRDA:80,14,1,2
BRDA:81,15,0,11
BRDA:81,15,1,11
BRDA:81,15,2,2
BRDA:94,16,0,1
BRDA:94,16,1,8
BRDA:94,17,0,9
BRDA:94,17,1,3
BRF:35
BRH:15
end_of_record
TN:
SF:middleware\validateCar.js
FN:6,(anonymous_0)
FN:8,(anonymous_1)
FN:51,(anonymous_2)
FN:53,(anonymous_3)
FN:96,(anonymous_4)
FN:96,(anonymous_5)
FN:102,(anonymous_6)
FN:103,(anonymous_7)
FNF:8
FNH:1
FNDA:0,(anonymous_0)
FNDA:0,(anonymous_1)
FNDA:0,(anonymous_2)
FNDA:0,(anonymous_3)
FNDA:12,(anonymous_4)
FNDA:0,(anonymous_5)
FNDA:0,(anonymous_6)
FNDA:0,(anonymous_7)
DA:1,6
DA:2,6
DA:5,6
DA:7,0
DA:8,0
DA:10,0
DA:11,0
DA:12,0
DA:15,0
DA:50,6
DA:52,0
DA:53,0
DA:56,0
DA:57,0
DA:58,0
DA:61,0
DA:96,12
DA:97,0
DA:98,0
DA:99,0
DA:102,0
DA:103,0
DA:105,0
DA:106,0
DA:107,0
DA:110,6
LF:26
LH:6
BRDA:10,0,0,0
BRDA:10,0,1,0
BRDA:56,1,0,0
BRDA:56,1,1,0
BRDA:98,2,0,0
BRDA:98,2,1,0
BRF:6
BRH:0
end_of_record
TN:
SF:middleware\validateOrder.js
FN:7,(anonymous_0)
FN:10,(anonymous_1)
FN:23,(anonymous_2)
FN:26,(anonymous_3)
FN:40,(anonymous_4)
FN:63,(anonymous_5)
FN:66,(anonymous_6)
FN:80,(anonymous_7)
FN:83,(anonymous_8)
FN:97,(anonymous_9)
FN:113,(anonymous_10)
FN:113,(anonymous_11)
FN:119,(anonymous_12)
FN:120,(anonymous_13)
FNF:14
FNH:1
FNDA:0,(anonymous_0)
FNDA:0,(anonymous_1)
FNDA:0,(anonymous_2)
FNDA:0,(anonymous_3)
FNDA:0,(anonymous_4)
FNDA:0,(anonymous_5)
FNDA:0,(anonymous_6)
FNDA:0,(anonymous_7)
FNDA:0,(anonymous_8)
FNDA:0,(anonymous_9)
FNDA:12,(anonymous_10)
FNDA:0,(anonymous_11)
FNDA:0,(anonymous_12)
FNDA:0,(anonymous_13)
DA:1,6
DA:2,6
DA:6,6
DA:8,0
DA:9,0
DA:10,0
DA:12,0
DA:13,0
DA:14,0
DA:17,0
DA:25,0
DA:27,0
DA:33,0
DA:34,0
DA:40,0
DA:41,0
DA:42,0
DA:43,0
DA:46,0
DA:62,6
DA:64,0
DA:65,0
DA:66,0
DA:68,0
DA:69,0
DA:70,0
DA:73,0
DA:82,0
DA:84,0
DA:90,0
DA:91,0
DA:97,0
DA:98,0
DA:99,0
DA:100,0
DA:103,0
DA:113,12
DA:114,0
DA:115,0
DA:116,0
DA:119,0
DA:120,0
DA:122,0
DA:123,0
DA:124,0
DA:127,6
LF:46
LH:6
BRDA:12,0,0,0
BRDA:12,0,1,0
BRDA:27,1,0,0
BRDA:27,1,1,0
BRDA:27,1,2,0
BRDA:27,1,3,0
BRDA:27,1,4,0
BRDA:33,2,0,0
BRDA:33,2,1,0
BRDA:42,3,0,0
BRDA:42,3,1,0
BRDA:68,4,0,0
BRDA:68,4,1,0
BRDA:84,5,0,0
BRDA:84,5,1,0
BRDA:84,5,2,0
BRDA:84,5,3,0
BRDA:84,5,4,0
BRDA:90,6,0,0
BRDA:90,6,1,0
BRDA:99,7,0,0
BRDA:99,7,1,0
BRDA:115,8,0,0
BRDA:115,8,1,0
BRF:24
BRH:0
end_of_record
TN:
SF:middleware\validateRequest.js
FN:1,(anonymous_0)
FN:11,(anonymous_1)
FN:11,(anonymous_2)
FN:26,(anonymous_3)
FN:26,(anonymous_4)
FN:28,(anonymous_5)
FN:29,(anonymous_6)
FN:35,(anonymous_7)
FN:36,(anonymous_8)
FN:42,(anonymous_9)
FNF:10
FNH:10
FNDA:17,(anonymous_0)
FNDA:24,(anonymous_1)
FNDA:9,(anonymous_2)
FNDA:24,(anonymous_3)
FNDA:7,(anonymous_4)
FNDA:45,(anonymous_5)
FNDA:24,(anonymous_6)
FNDA:11,(anonymous_7)
FNDA:10,(anonymous_8)
FNDA:9,(anonymous_9)
DA:1,6
DA:2,17
DA:3,2
DA:4,2
DA:5,2
DA:7,15
DA:11,24
DA:12,9
DA:13,9
DA:15,9
DA:16,2
DA:17,2
DA:18,2
DA:21,7
DA:22,7
DA:26,24
DA:27,7
DA:28,45
DA:30,24
DA:31,24
DA:34,7
DA:35,11
DA:37,10
DA:38,10
DA:41,7
DA:42,9
DA:45,7
DA:46,2
DA:47,2
DA:48,2
DA:51,5
DA:54,6
LF:32
LH:32
BRDA:2,0,0,2
BRDA:2,0,1,15
BRDA:15,1,0,2
BRDA:15,1,1,7
BRDA:45,2,0,2
BRDA:45,2,1,5
BRF:6
BRH:6
end_of_record
TN:
SF:middleware\validateSparePart.js
FN:6,(anonymous_0)
FN:8,(anonymous_1)
FN:45,(anonymous_2)
FN:47,(anonymous_3)
FN:65,(anonymous_4)
FN:67,(anonymous_5)
FN:104,(anonymous_6)
FN:106,(anonymous_7)
FN:122,(anonymous_8)
FN:122,(anonymous_9)
FN:125,(anonymous_10)
FN:126,(anonymous_11)
FNF:12
FNH:10
FNDA:6,(anonymous_0)
FNDA:35,(anonymous_1)
FNDA:6,(anonymous_2)
FNDA:18,(anonymous_3)
FNDA:1,(anonymous_4)
FNDA:1,(anonymous_5)
FNDA:0,(anonymous_6)
FNDA:0,(anonymous_7)
FNDA:12,(anonymous_8)
FNDA:7,(anonymous_9)
FNDA:9,(anonymous_10)
FNDA:9,(anonymous_11)
DA:1,6
DA:2,6
DA:5,6
DA:7,6
DA:8,35
DA:10,6
DA:11,1
DA:12,1
DA:15,5
DA:46,6
DA:47,18
DA:48,6
DA:49,1
DA:51,5
DA:64,6
DA:66,1
DA:67,1
DA:69,1
DA:70,0
DA:71,0
DA:74,1
DA:105,0
DA:106,0
DA:107,0
DA:108,0
DA:110,0
DA:122,12
DA:123,7
DA:124,7
DA:125,9
DA:126,9
DA:129,5
DA:130,5
DA:131,5
DA:133,2
DA:136,6
LF:36
LH:29
BRDA:10,0,0,1
BRDA:10,0,1,5
BRDA:48,1,0,1
BRDA:48,1,1,5
BRDA:69,2,0,0
BRDA:69,2,1,1
BRDA:107,3,0,0
BRDA:107,3,1,0
BRDA:124,4,0,5
BRDA:124,4,1,2
BRF:10
BRH:7
end_of_record
TN:
SF:middleware\validateUser.js
FN:5,(anonymous_0)
FN:8,(anonymous_1)
FN:33,(anonymous_2)
FN:33,(anonymous_3)
FN:39,(anonymous_4)
FN:40,(anonymous_5)
FNF:6
FNH:6
FNDA:4,(anonymous_0)
FNDA:6,(anonymous_1)
FNDA:6,(anonymous_2)
FNDA:4,(anonymous_3)
FNDA:3,(anonymous_4)
FNDA:3,(anonymous_5)
DA:1,6
DA:4,6
DA:6,4
DA:7,4
DA:8,6
DA:11,4
DA:12,1
DA:13,1
DA:16,3
DA:33,6
DA:34,4
DA:35,4
DA:36,1
DA:39,3
DA:40,3
DA:42,3
DA:43,3
DA:44,3
DA:47,6
LF:19
LH:19
BRDA:11,0,0,1
BRDA:11,0,1,3
BRDA:35,1,0,1
BRDA:35,1,1,3
BRF:4
BRH:4
end_of_record
TN:
SF:models\carModel.js
FN:53,(anonymous_0)
FN:57,(anonymous_1)
FN:66,(anonymous_2)
FN:70,(anonymous_3)
FN:78,(anonymous_4)
FN:83,(anonymous_5)
FN:93,(anonymous_6)
FN:100,(anonymous_7)
FN:110,(anonymous_8)
FNF:9
FNH:0
FNDA:0,(anonymous_0)
FNDA:0,(anonymous_1)
FNDA:0,(anonymous_2)
FNDA:0,(anonymous_3)
FNDA:0,(anonymous_4)
FNDA:0,(anonymous_5)
FNDA:0,(anonymous_6)
FNDA:0,(anonymous_7)
FNDA:0,(anonymous_8)
DA:1,6
DA:2,6
DA:3,6
DA:4,6
DA:7,6
DA:8,6
DA:11,6
DA:29,6
DA:46,6
DA:47,6
DA:49,6
DA:50,6
DA:53,6
DA:54,0
DA:55,0
DA:56,0
DA:57,0
DA:59,0
DA:60,0
DA:61,0
DA:66,6
DA:67,0
DA:68,0
DA:69,0
DA:70,0
DA:72,0
DA:73,0
DA:74,0
DA:78,6
DA:79,0
DA:80,0
DA:83,6
DA:84,0
DA:85,0
DA:86,0
DA:87,0
DA:88,0
DA:90,0
DA:93,6
DA:94,0
DA:95,0
DA:96,0
DA:97,0
DA:100,6
DA:101,0
DA:102,0
DA:103,0
DA:107,0
DA:110,6
DA:111,0
DA:112,0
DA:113,0
DA:114,0
DA:115,0
DA:117,0
DA:118,0
DA:121,6
LF:57
LH:20
BRDA:55,0,0,0
BRDA:55,0,1,0
BRDA:68,1,0,0
BRDA:68,1,1,0
BRDA:85,2,0,0
BRDA:85,2,1,0
BRDA:112,3,0,0
BRDA:112,3,1,0
BRF:8
BRH:0
end_of_record
TN:
SF:models\orderModel.js
FN:65,(anonymous_0)
FN:69,(anonymous_1)
FN:77,(anonymous_2)
FN:81,(anonymous_3)
FN:90,(anonymous_4)
FN:96,(anonymous_5)
FN:97,(anonymous_6)
FN:104,(anonymous_7)
FN:135,(anonymous_8)
FN:141,(anonymous_9)
FN:152,(anonymous_10)
FN:163,(anonymous_11)
FNF:12
FNH:0
FNDA:0,(anonymous_0)
FNDA:0,(anonymous_1)
FNDA:0,(anonymous_2)
FNDA:0,(anonymous_3)
FNDA:0,(anonymous_4)
FNDA:0,(anonymous_5)
FNDA:0,(anonymous_6)
FNDA:0,(anonymous_7)
FNDA:0,(anonymous_8)
FNDA:0,(anonymous_9)
FNDA:0,(anonymous_10)
FNDA:0,(anonymous_11)
DA:1,6
DA:2,6
DA:3,6
DA:4,6
DA:5,6
DA:6,6
DA:9,6
DA:10,6
DA:13,6
DA:36,6
DA:58,6
DA:59,6
DA:61,6
DA:62,6
DA:65,6
DA:66,0
DA:67,0
DA:68,0
DA:69,0
DA:71,0
DA:72,0
DA:73,0
DA:77,6
DA:78,0
DA:79,0
DA:80,0
DA:81,0
DA:83,0
DA:84,0
DA:85,0
DA:90,6
DA:91,0
DA:92,0
DA:96,6
DA:97,0
DA:98,0
DA:99,0
DA:104,6
DA:105,0
DA:107,0
DA:110,0
DA:111,0
DA:112,0
DA:113,0
DA:114,0
DA:118,0
DA:119,0
DA:120,0
DA:121,0
DA:122,0
DA:125,0
DA:126,0
DA:129,0
DA:130,0
DA:131,0
DA:135,6
DA:136,0
DA:137,0
DA:141,6
DA:142,0
DA:143,0
DA:144,0
DA:145,0
DA:146,0
DA:148,0
DA:152,6
DA:153,0
DA:154,0
DA:155,0
DA:159,0
DA:163,6
DA:164,0
DA:165,0
DA:166,0
DA:167,0
DA:168,0
DA:170,0
DA:171,0
DA:174,6
LF:79
LH:24
BRDA:67,0,0,0
BRDA:67,0,1,0
BRDA:79,1,0,0
BRDA:79,1,1,0
BRDA:111,2,0,0
BRDA:111,2,1,0
BRDA:119,3,0,0
BRDA:119,3,1,0
BRDA:125,4,0,0
BRDA:125,4,1,0
BRDA:143,5,0,0
BRDA:143,5,1,0
BRDA:165,6,0,0
BRDA:165,6,1,0
BRF:14
BRH:0
end_of_record
TN:
SF:models\partModel.js
FN:59,(anonymous_0)
FN:63,(anonymous_1)
FN:72,(anonymous_2)
FN:76,(anonymous_3)
FN:85,(anonymous_4)
FN:90,(anonymous_5)
FN:99,(anonymous_6)
FN:101,(anonymous_7)
FN:109,(anonymous_8)
FN:116,(anonymous_9)
FN:123,(anonymous_10)
FN:138,(anonymous_11)
FNF:12
FNH:7
FNDA:1,(anonymous_0)
FNDA:0,(anonymous_1)
FNDA:1,(anonymous_2)
FNDA:0,(anonymous_3)
FNDA:1,(anonymous_4)
FNDA:5,(anonymous_5)
FNDA:0,(anonymous_6)
FNDA:0,(anonymous_7)
FNDA:0,(anonymous_8)
FNDA:1,(anonymous_9)
FNDA:1,(anonymous_10)
FNDA:1,(anonymous_11)
DA:1,6
DA:2,6
DA:3,6
DA:4,6
DA:7,6
DA:8,6
DA:11,6
DA:32,6
DA:52,6
DA:53,6
DA:55,6
DA:56,6
DA:59,6
DA:60,1
DA:61,1
DA:62,0
DA:63,0
DA:65,0
DA:66,0
DA:67,0
DA:72,6
DA:73,1
DA:74,1
DA:75,0
DA:76,0
DA:78,0
DA:79,0
DA:80,0
DA:85,6
DA:86,1
DA:87,1
DA:90,6
DA:91,5
DA:92,5
DA:93,0
DA:95,5
DA:96,5
DA:99,6
DA:100,0
DA:101,0
DA:103,0
DA:104,0
DA:107,0
DA:109,0
DA:113,0
DA:116,6
DA:117,1
DA:118,1
DA:119,1
DA:120,1
DA:123,6
DA:124,1
DA:125,1
DA:126,1
DA:130,1
DA:131,0
DA:132,0
DA:133,0
DA:135,1
DA:138,6
DA:139,1
DA:140,1
DA:141,0
DA:142,0
DA:143,0
DA:145,1
DA:146,1
DA:147,0
DA:148,0
DA:149,0
DA:151,1
DA:154,6
LF:72
LH:45
BRDA:61,0,0,0
BRDA:61,0,1,1
BRDA:74,1,0,0
BRDA:74,1,1,1
BRDA:92,2,0,0
BRDA:92,2,1,5
BRDA:103,3,0,0
BRDA:103,3,1,0
BRDA:130,4,0,0
BRDA:130,4,1,1
BRDA:140,5,0,0
BRDA:140,5,1,1
BRDA:146,6,0,0
BRDA:146,6,1,1
BRF:14
BRH:6
end_of_record
TN:
SF:models\userModel.js
FN:43,(anonymous_0)
FN:47,(anonymous_1)
FN:55,(anonymous_2)
FN:59,(anonymous_3)
FN:68,(anonymous_4)
FN:73,(anonymous_5)
FN:83,(anonymous_6)
FN:94,(anonymous_7)
FN:112,(anonymous_8)
FN:132,(anonymous_9)
FNF:10
FNH:7
FNDA:1,(anonymous_0)
FNDA:0,(anonymous_1)
FNDA:1,(anonymous_2)
FNDA:0,(anonymous_3)
FNDA:1,(anonymous_4)
FNDA:7,(anonymous_5)
FNDA:0,(anonymous_6)
FNDA:1,(anonymous_7)
FNDA:1,(anonymous_8)
FNDA:3,(anonymous_9)
DA:1,6
DA:2,6
DA:3,6
DA:4,6
DA:7,6
DA:8,6
DA:11,6
DA:25,6
DA:36,6
DA:37,6
DA:39,6
DA:40,6
DA:43,6
DA:44,1
DA:45,1
DA:46,0
DA:47,0
DA:49,0
DA:50,0
DA:51,0
DA:55,6
DA:56,1
DA:57,1
DA:58,0
DA:59,0
DA:61,0
DA:62,0
DA:63,0
DA:68,6
DA:69,1
DA:70,1
DA:73,6
DA:74,7
DA:75,7
DA:76,0
DA:77,0
DA:78,0
DA:80,7
DA:83,6
DA:84,0
DA:85,0
DA:86,0
DA:87,0
DA:88,0
DA:91,0
DA:94,6
DA:95,1
DA:96,1
DA:97,0
DA:99,1
DA:100,1
DA:102,1
DA:103,1
DA:104,1
DA:105,0
DA:106,0
DA:107,0
DA:109,1
DA:112,6
DA:113,1
DA:114,0
DA:115,0
DA:116,0
DA:118,1
DA:119,1
DA:120,1
DA:124,1
DA:125,0
DA:126,0
DA:127,0
DA:129,1
DA:132,6
DA:133,3
DA:134,3
DA:135,0
DA:136,0
DA:137,0
DA:139,3
DA:140,3
DA:141,2
DA:142,2
DA:143,2
DA:145,1
DA:148,6
LF:84
LH:52
BRDA:45,0,0,0
BRDA:45,0,1,1
BRDA:57,1,0,0
BRDA:57,1,1,1
BRDA:75,2,0,0
BRDA:75,2,1,7
BRDA:85,3,0,0
BRDA:85,3,1,0
BRDA:96,4,0,0
BRDA:96,4,1,1
BRDA:99,5,0,1
BRDA:99,5,1,0
BRDA:104,6,0,0
BRDA:104,6,1,1
BRDA:113,7,0,0
BRDA:113,7,1,1
BRDA:124,8,0,0
BRDA:124,8,1,1
BRDA:134,9,0,0
BRDA:134,9,1,3
BRDA:140,10,0,2
BRDA:140,10,1,1
BRF:22
BRH:11
end_of_record
TN:
SF:routes\cars.js
FNF:0
FNH:0
DA:1,6
DA:2,6
DA:3,6
DA:4,6
DA:5,6
DA:6,6
DA:7,6
DA:9,6
DA:12,6
DA:15,6
DA:18,6
DA:27,6
DA:39,6
DA:45,6
LF:14
LH:14
BRF:0
BRH:0
end_of_record
TN:
SF:routes\index.js
FN:14,(anonymous_0)
FN:30,(anonymous_1)
FN:34,(anonymous_2)
FN:44,(anonymous_3)
FN:49,(anonymous_4)
FN:51,(anonymous_5)
FN:52,(anonymous_6)
FN:56,(anonymous_7)
FN:66,(anonymous_8)
FNF:9
FNH:1
FNDA:0,(anonymous_0)
FNDA:0,(anonymous_1)
FNDA:0,(anonymous_2)
FNDA:0,(anonymous_3)
FNDA:0,(anonymous_4)
FNDA:0,(anonymous_5)
FNDA:0,(anonymous_6)
FNDA:0,(anonymous_7)
FNDA:7,(anonymous_8)
DA:1,6
DA:2,6
DA:3,6
DA:7,6
DA:8,6
DA:9,6
DA:10,6
DA:11,6
DA:14,6
DA:15,0
DA:16,0
DA:26,0
DA:30,6
DA:31,0
DA:34,6
DA:35,0
DA:40,6
DA:45,0
DA:46,0
DA:49,6
DA:51,6
DA:52,0
DA:53,0
DA:54,0
DA:56,0
DA:57,0
DA:58,0
DA:60,0
DA:65,6
DA:66,6
DA:67,7
DA:68,7
DA:72,6
LF:33
LH:19
BRDA:15,0,0,0
BRDA:15,0,1,0
BRDA:53,1,0,0
BRDA:53,1,1,0
BRDA:57,2,0,0
BRDA:57,2,1,0
BRDA:65,3,0,6
BRDA:65,3,1,0
BRF:8
BRH:1
end_of_record
TN:
SF:routes\orders.js
FNF:0
FNH:0
DA:1,6
DA:2,6
DA:3,6
DA:4,6
DA:5,6
DA:6,6
DA:7,6
DA:9,6
DA:12,6
DA:19,6
DA:26,6
DA:35,6
DA:47,6
DA:53,6
LF:14
LH:14
BRF:0
BRH:0
end_of_record
TN:
SF:routes\sparePart.js
FNF:0
FNH:0
DA:1,6
DA:2,6
DA:3,6
DA:4,6
DA:5,6
DA:6,6
DA:7,6
DA:9,6
DA:12,6
DA:13,6
DA:16,6
DA:27,6
DA:40,6
DA:47,6
LF:14
LH:14
BRF:0
BRH:0
end_of_record
TN:
SF:routes\swagger.js
FNF:0
FNH:0
DA:1,6
DA:2,6
DA:3,6
DA:6,6
DA:7,6
DA:9,6
LF:6
LH:6
BRF:0
BRH:0
end_of_record
TN:
SF:routes\users.js
FNF:0
FNH:0
DA:1,6
DA:2,6
DA:6,6
DA:12,6
DA:13,6
DA:14,6
DA:15,6
DA:17,6
DA:20,6
DA:27,6
DA:33,6
DA:46,6
DA:53,6
LF:13
LH:13
BRF:0
BRH:0
end_of_record
